Using pre-set license

 COMMAND LINE ARGUMENTS:
/Applications/Unity/Hub/Editor/2021.1.6f1/Unity.app/Contents/MacOS/Unity
-adb2
-batchMode
-noUpm
-name
AssetImportWorker0
-projectPath
/Users/tatelarkin/Documents/GitHub/UnitySpaceGame/spaceGame copy
-logFile
Logs/AssetImportWorker0.log
-srvPort
55593
Successfully changed project path to: /Users/tatelarkin/Documents/GitHub/UnitySpaceGame/spaceGame copy
/Users/tatelarkin/Documents/GitHub/UnitySpaceGame/spaceGame copy
Using Asset Import Pipeline V2.
Refreshing native plugins compatible for Editor in 111.55 ms, found 1 plugins.
Preloading 0 native plugins for Editor in 0.00 ms.
Initialize engine version: 2021.1.6f1 (c0fade0cc7e9)
[Subsystems] Discovering subsystems at path /Applications/Unity/Hub/Editor/2021.1.6f1/Unity.app/Contents/Resources/UnitySubsystems
[Subsystems] Discovering subsystems at path /Users/tatelarkin/Documents/GitHub/UnitySpaceGame/spaceGame copy/Assets
GfxDevice: creating device client; threaded=0; jobified=0
2021-05-30 14:25:47.776 Unity[78885:5734128] Color LCD preferred device: AMD Radeon Pro 5300M (high power)
2021-05-30 14:25:47.776 Unity[78885:5734128] Metal devices available: 2
2021-05-30 14:25:47.776 Unity[78885:5734128] 0: AMD Radeon Pro 5300M (high power)
2021-05-30 14:25:47.776 Unity[78885:5734128] 1: Intel(R) UHD Graphics 630 (low power)
2021-05-30 14:25:47.777 Unity[78885:5734128] Using device AMD Radeon Pro 5300M (high power)
Initializing Metal device caps: AMD Radeon Pro 5300M
Invalid texture used for cursor - check importer settings or texture creation. Texture must be RGBA32, readable, have alphaIsTransparency enabled and have no mip chain.

Shader 'Universal Render Pipeline/Particles/Lit': fallback shader 'Universal Render Pipeline/Particles/SimpleLit' not found
Initialize mono
Mono path[0] = '/Applications/Unity/Hub/Editor/2021.1.6f1/Unity.app/Contents/Managed'
Mono path[1] = '/Applications/Unity/Hub/Editor/2021.1.6f1/Unity.app/Contents/MonoBleedingEdge/lib/mono/unityjit'
Mono config path = '/Applications/Unity/Hub/Editor/2021.1.6f1/Unity.app/Contents/MonoBleedingEdge/etc'
Using monoOptions --debugger-agent=transport=dt_socket,embedding=1,server=y,suspend=n,address=127.0.0.1:56885
Begin MonoManager ReloadAssembly
Registering precompiled unity dll's ...
Register platform support module: /Applications/Unity/Hub/Editor/2021.1.6f1/PlaybackEngines/WebGLSupport/UnityEditor.WebGL.Extensions.dll
Register platform support module: /Applications/Unity/Hub/Editor/2021.1.6f1/Unity.app/Contents/PlaybackEngines/MacStandaloneSupport/UnityEditor.OSXStandalone.Extensions.dll
Registered in 0.000656 seconds.
Native extension for OSXStandalone target not found
Native extension for WebGL target not found
Refreshing native plugins compatible for Editor in 90.04 ms, found 1 plugins.
Preloading 0 native plugins for Editor in 0.00 ms.
Mono: successfully reloaded assembly
- Completed reload, in  2.371 seconds
Platform modules already initialized, skipping
Registering precompiled user dll's ...
Registered in 0.001655 seconds.
Begin MonoManager ReloadAssembly
Native extension for OSXStandalone target not found
Native extension for WebGL target not found
Refreshing native plugins compatible for Editor in 90.26 ms, found 1 plugins.
Preloading 0 native plugins for Editor in 0.00 ms.
Mono: successfully reloaded assembly
- Completed reload, in  1.313 seconds
Platform modules already initialized, skipping
========================================================================
Worker process is ready to serve import requests
Shader 'Universal Render Pipeline/Particles/Lit': fallback shader 'Universal Render Pipeline/Particles/SimpleLit' not found
Launching external process: /Applications/Unity/Hub/Editor/2021.1.6f1/Unity.app/Contents/Tools/UnityShaderCompiler
Launched and connected shader compiler UnityShaderCompiler after 0.01 seconds
Refreshing native plugins compatible for Editor in 0.68 ms, found 1 plugins.
Preloading 0 native plugins for Editor in 0.00 ms.
Unloading 4135 Unused Serialized files (Serialized files now loaded: 0)
System memory in use before: 347.7 MB.
System memory in use after: 347.9 MB.

Unloading 15 unused Assets to reduce memory usage. Loaded Objects now: 4613.
Total: 3.058943 ms (FindLiveObjects: 0.331426 ms CreateObjectMapping: 0.253736 ms MarkObjects: 2.379755 ms  DeleteObjects: 0.093075 ms)

========================================================================
Received Import Request.
  path: Assets/Prefabs/Cube.prefab
  artifactKey: Guid(4d81a28782a534986951a654ff1b7128) Importer(815301076,1909f56bfc062723c751e8b465ee728b)
Start importing Assets/Prefabs/Cube.prefab using Guid(4d81a28782a534986951a654ff1b7128) Importer(815301076,1909f56bfc062723c751e8b465ee728b)  -> (artifact id: 'fb4fc29c1f6414b9a21c1f034b5ebb4b') in 1.026686 seconds 
========================================================================
Received Prepare
Registering precompiled user dll's ...
Registered in 0.002105 seconds.
Begin MonoManager ReloadAssembly
Native extension for OSXStandalone target not found
Native extension for WebGL target not found
Refreshing native plugins compatible for Editor in 0.64 ms, found 1 plugins.
Preloading 0 native plugins for Editor in 0.00 ms.
Mono: successfully reloaded assembly
- Completed reload, in  1.255 seconds
Platform modules already initialized, skipping
Shader 'Universal Render Pipeline/Particles/Lit': fallback shader 'Universal Render Pipeline/Particles/SimpleLit' not found
Refreshing native plugins compatible for Editor in 0.64 ms, found 1 plugins.
Preloading 0 native plugins for Editor in 0.00 ms.
Unloading 4067 Unused Serialized files (Serialized files now loaded: 0)
System memory in use before: 353.9 MB.
System memory in use after: 354.2 MB.

Unloading 11 unused Assets to reduce memory usage. Loaded Objects now: 4662.
Total: 2.577896 ms (FindLiveObjects: 0.285026 ms CreateObjectMapping: 0.218048 ms MarkObjects: 2.011433 ms  DeleteObjects: 0.062569 ms)

========================================================================
Received Import Request.
  Time since last request: 230.492259 seconds.
  path: Assets/Prefabs/Projectile.prefab
  artifactKey: Guid(dcdd129f5298d46a4ad849ffe6fa1d4a) Importer(815301076,1909f56bfc062723c751e8b465ee728b)
Start importing Assets/Prefabs/Projectile.prefab using Guid(dcdd129f5298d46a4ad849ffe6fa1d4a) Importer(815301076,1909f56bfc062723c751e8b465ee728b)  -> (artifact id: '9f1dca05c176b19c6274710bd2ba0fa0') in 0.167294 seconds 
========================================================================
Received Import Request.
  Time since last request: 2.556145 seconds.
  path: Assets/Prefabs/Projectile.prefab
  artifactKey: Guid(dcdd129f5298d46a4ad849ffe6fa1d4a) Importer(815301076,1909f56bfc062723c751e8b465ee728b)
Start importing Assets/Prefabs/Projectile.prefab using Guid(dcdd129f5298d46a4ad849ffe6fa1d4a) Importer(815301076,1909f56bfc062723c751e8b465ee728b)  -> (artifact id: '2672f912ebfcf7fc47beaa90948806a5') in 0.012421 seconds 
========================================================================
Received Import Request.
  Time since last request: 5.066233 seconds.
  path: Assets/Scripts/Explosion.cs
  artifactKey: Guid(aa1756557f9bc4fb9ad0c3d69f50fdd3) Importer(815301076,1909f56bfc062723c751e8b465ee728b)
Start importing Assets/Scripts/Explosion.cs using Guid(aa1756557f9bc4fb9ad0c3d69f50fdd3) Importer(815301076,1909f56bfc062723c751e8b465ee728b)  -> (artifact id: 'd8a61ba6be9771f80296f548b03051d7') in 0.410266 seconds 
========================================================================
Received Prepare
Registering precompiled user dll's ...
Registered in 0.002634 seconds.
Begin MonoManager ReloadAssembly
Native extension for OSXStandalone target not found
Native extension for WebGL target not found
Refreshing native plugins compatible for Editor in 0.64 ms, found 1 plugins.
Preloading 0 native plugins for Editor in 0.00 ms.
Mono: successfully reloaded assembly
- Completed reload, in  1.293 seconds
Platform modules already initialized, skipping
Shader 'Universal Render Pipeline/Particles/Lit': fallback shader 'Universal Render Pipeline/Particles/SimpleLit' not found
Refreshing native plugins compatible for Editor in 0.65 ms, found 1 plugins.
Preloading 0 native plugins for Editor in 0.00 ms.
Unloading 4067 Unused Serialized files (Serialized files now loaded: 0)
System memory in use before: 359.0 MB.
System memory in use after: 359.2 MB.

Unloading 11 unused Assets to reduce memory usage. Loaded Objects now: 4701.
Total: 2.558028 ms (FindLiveObjects: 0.301338 ms CreateObjectMapping: 0.198818 ms MarkObjects: 1.992730 ms  DeleteObjects: 0.064270 ms)

========================================================================
Received Import Request.
  Time since last request: 247.356013 seconds.
  path: Assets/Prefabs/Projectile.prefab
  artifactKey: Guid(dcdd129f5298d46a4ad849ffe6fa1d4a) Importer(815301076,1909f56bfc062723c751e8b465ee728b)
Start importing Assets/Prefabs/Projectile.prefab using Guid(dcdd129f5298d46a4ad849ffe6fa1d4a) Importer(815301076,1909f56bfc062723c751e8b465ee728b)  -> (artifact id: '032d1fb9174721fcb450103f99d54320') in 0.203664 seconds 
========================================================================
Received Prepare
Registering precompiled user dll's ...
Registered in 0.002017 seconds.
Begin MonoManager ReloadAssembly
Native extension for OSXStandalone target not found
Native extension for WebGL target not found
Refreshing native plugins compatible for Editor in 0.68 ms, found 1 plugins.
Preloading 0 native plugins for Editor in 0.00 ms.
Mono: successfully reloaded assembly
- Completed reload, in  1.178 seconds
Platform modules already initialized, skipping
Shader 'Universal Render Pipeline/Particles/Lit': fallback shader 'Universal Render Pipeline/Particles/SimpleLit' not found
Refreshing native plugins compatible for Editor in 0.62 ms, found 1 plugins.
Preloading 0 native plugins for Editor in 0.00 ms.
Unloading 4067 Unused Serialized files (Serialized files now loaded: 0)
System memory in use before: 359.7 MB.
System memory in use after: 359.9 MB.

Unloading 11 unused Assets to reduce memory usage. Loaded Objects now: 4740.
Total: 3.927485 ms (FindLiveObjects: 0.443459 ms CreateObjectMapping: 0.240961 ms MarkObjects: 3.152077 ms  DeleteObjects: 0.090032 ms)

========================================================================
Received Prepare
Registering precompiled user dll's ...
Registered in 0.001979 seconds.
Begin MonoManager ReloadAssembly
Native extension for OSXStandalone target not found
Native extension for WebGL target not found
Refreshing native plugins compatible for Editor in 0.64 ms, found 1 plugins.
Preloading 0 native plugins for Editor in 0.00 ms.
Mono: successfully reloaded assembly
- Completed reload, in  1.162 seconds
Platform modules already initialized, skipping
Shader 'Universal Render Pipeline/Particles/Lit': fallback shader 'Universal Render Pipeline/Particles/SimpleLit' not found
Refreshing native plugins compatible for Editor in 0.75 ms, found 1 plugins.
Preloading 0 native plugins for Editor in 0.00 ms.
Unloading 4067 Unused Serialized files (Serialized files now loaded: 0)
System memory in use before: 360.3 MB.
System memory in use after: 360.5 MB.

Unloading 11 unused Assets to reduce memory usage. Loaded Objects now: 4743.
Total: 2.747896 ms (FindLiveObjects: 0.309213 ms CreateObjectMapping: 0.237393 ms MarkObjects: 2.135041 ms  DeleteObjects: 0.065412 ms)

========================================================================
Received Prepare
Registering precompiled user dll's ...
Registered in 0.002046 seconds.
Begin MonoManager ReloadAssembly
Native extension for OSXStandalone target not found
Native extension for WebGL target not found
Refreshing native plugins compatible for Editor in 0.67 ms, found 1 plugins.
Preloading 0 native plugins for Editor in 0.00 ms.
Mono: successfully reloaded assembly
- Completed reload, in  1.190 seconds
Platform modules already initialized, skipping
Shader 'Universal Render Pipeline/Particles/Lit': fallback shader 'Universal Render Pipeline/Particles/SimpleLit' not found
Refreshing native plugins compatible for Editor in 1.03 ms, found 1 plugins.
Preloading 0 native plugins for Editor in 0.00 ms.
Unloading 4067 Unused Serialized files (Serialized files now loaded: 0)
System memory in use before: 361.7 MB.
System memory in use after: 362.0 MB.

Unloading 11 unused Assets to reduce memory usage. Loaded Objects now: 4746.
Total: 2.763421 ms (FindLiveObjects: 0.343229 ms CreateObjectMapping: 0.213294 ms MarkObjects: 2.135998 ms  DeleteObjects: 0.070002 ms)

========================================================================
Received Import Request.
  Time since last request: 1609.832393 seconds.
  path: Assets/Prefabs/Cube.prefab
  artifactKey: Guid(4d81a28782a534986951a654ff1b7128) Importer(815301076,1909f56bfc062723c751e8b465ee728b)
Start importing Assets/Prefabs/Cube.prefab using Guid(4d81a28782a534986951a654ff1b7128) Importer(815301076,1909f56bfc062723c751e8b465ee728b)  -> (artifact id: 'a44ecccc3fc2f797619ae65c329116e8') in 0.176304 seconds 
========================================================================
Received Prepare
Registering precompiled user dll's ...
Registered in 0.002141 seconds.
Begin MonoManager ReloadAssembly
Native extension for OSXStandalone target not found
Native extension for WebGL target not found
Refreshing native plugins compatible for Editor in 0.63 ms, found 1 plugins.
Preloading 0 native plugins for Editor in 0.00 ms.
Mono: successfully reloaded assembly
- Completed reload, in  1.159 seconds
Platform modules already initialized, skipping
Shader 'Universal Render Pipeline/Particles/Lit': fallback shader 'Universal Render Pipeline/Particles/SimpleLit' not found
Refreshing native plugins compatible for Editor in 0.90 ms, found 1 plugins.
Preloading 0 native plugins for Editor in 0.00 ms.
Unloading 4067 Unused Serialized files (Serialized files now loaded: 0)
System memory in use before: 362.5 MB.
System memory in use after: 362.7 MB.

Unloading 11 unused Assets to reduce memory usage. Loaded Objects now: 4785.
Total: 4.145885 ms (FindLiveObjects: 0.496603 ms CreateObjectMapping: 0.338812 ms MarkObjects: 3.228725 ms  DeleteObjects: 0.080500 ms)

========================================================================
Received Import Request.
  Time since last request: 80.531609 seconds.
  path: Assets/Prefabs/Cube.prefab
  artifactKey: Guid(4d81a28782a534986951a654ff1b7128) Importer(815301076,1909f56bfc062723c751e8b465ee728b)
Start importing Assets/Prefabs/Cube.prefab using Guid(4d81a28782a534986951a654ff1b7128) Importer(815301076,1909f56bfc062723c751e8b465ee728b)  -> (artifact id: '6daf74f048f7b5cc2af6e2c2383242f8') in 0.196771 seconds 
========================================================================
Received Prepare
Registering precompiled user dll's ...
Registered in 0.001840 seconds.
Begin MonoManager ReloadAssembly
Native extension for OSXStandalone target not found
Native extension for WebGL target not found
Refreshing native plugins compatible for Editor in 0.67 ms, found 1 plugins.
Preloading 0 native plugins for Editor in 0.00 ms.
Mono: successfully reloaded assembly
- Completed reload, in  1.183 seconds
Platform modules already initialized, skipping
Shader 'Universal Render Pipeline/Particles/Lit': fallback shader 'Universal Render Pipeline/Particles/SimpleLit' not found
Refreshing native plugins compatible for Editor in 0.66 ms, found 1 plugins.
Preloading 0 native plugins for Editor in 0.00 ms.
Unloading 4067 Unused Serialized files (Serialized files now loaded: 0)
System memory in use before: 363.4 MB.
System memory in use after: 363.6 MB.

Unloading 11 unused Assets to reduce memory usage. Loaded Objects now: 4824.
Total: 2.475480 ms (FindLiveObjects: 0.293321 ms CreateObjectMapping: 0.189636 ms MarkObjects: 1.930160 ms  DeleteObjects: 0.061645 ms)

========================================================================
Received Prepare
Registering precompiled user dll's ...
Registered in 0.003378 seconds.
Begin MonoManager ReloadAssembly
Native extension for OSXStandalone target not found
Native extension for WebGL target not found
Refreshing native plugins compatible for Editor in 0.64 ms, found 1 plugins.
Preloading 0 native plugins for Editor in 0.00 ms.
Mono: successfully reloaded assembly
- Completed reload, in  1.207 seconds
Platform modules already initialized, skipping
Shader 'Universal Render Pipeline/Particles/Lit': fallback shader 'Universal Render Pipeline/Particles/SimpleLit' not found
Refreshing native plugins compatible for Editor in 0.65 ms, found 1 plugins.
Preloading 0 native plugins for Editor in 0.00 ms.
Unloading 4067 Unused Serialized files (Serialized files now loaded: 0)
System memory in use before: 364.3 MB.
System memory in use after: 364.5 MB.

Unloading 11 unused Assets to reduce memory usage. Loaded Objects now: 4827.
Total: 2.811285 ms (FindLiveObjects: 0.317008 ms CreateObjectMapping: 0.188885 ms MarkObjects: 2.237985 ms  DeleteObjects: 0.066600 ms)

========================================================================
Received Import Request.
  Time since last request: 6359.540088 seconds.
  path: Assets/Scripts/Asteroids/GenericObjectPool.cs
  artifactKey: Guid(d3db8c00de7d345cda4ffe3d697f1e30) Importer(815301076,1909f56bfc062723c751e8b465ee728b)
Start importing Assets/Scripts/Asteroids/GenericObjectPool.cs using Guid(d3db8c00de7d345cda4ffe3d697f1e30) Importer(815301076,1909f56bfc062723c751e8b465ee728b)  -> (artifact id: '2b45453c480226cec5528a3049324612') in 0.010096 seconds 
========================================================================
Received Prepare
Registering precompiled user dll's ...
Registered in 0.002561 seconds.
Begin MonoManager ReloadAssembly
Native extension for OSXStandalone target not found
Native extension for WebGL target not found
Refreshing native plugins compatible for Editor in 0.75 ms, found 1 plugins.
Preloading 0 native plugins for Editor in 0.00 ms.
Mono: successfully reloaded assembly
- Completed reload, in  1.350 seconds
Platform modules already initialized, skipping
Shader 'Universal Render Pipeline/Particles/Lit': fallback shader 'Universal Render Pipeline/Particles/SimpleLit' not found
Refreshing native plugins compatible for Editor in 0.64 ms, found 1 plugins.
Preloading 0 native plugins for Editor in 0.00 ms.
Unloading 4068 Unused Serialized files (Serialized files now loaded: 0)
System memory in use before: 365.2 MB.
System memory in use after: 365.5 MB.

Unloading 11 unused Assets to reduce memory usage. Loaded Objects now: 4831.
Total: 2.565630 ms (FindLiveObjects: 0.293795 ms CreateObjectMapping: 0.198089 ms MarkObjects: 2.009793 ms  DeleteObjects: 0.063215 ms)

========================================================================
Received Prepare
Registering precompiled user dll's ...
Registered in 0.003182 seconds.
Begin MonoManager ReloadAssembly
Native extension for OSXStandalone target not found
Native extension for WebGL target not found
Refreshing native plugins compatible for Editor in 0.76 ms, found 1 plugins.
Preloading 0 native plugins for Editor in 0.00 ms.
Mono: successfully reloaded assembly
- Completed reload, in  1.580 seconds
Platform modules already initialized, skipping
Shader 'Universal Render Pipeline/Particles/Lit': fallback shader 'Universal Render Pipeline/Particles/SimpleLit' not found
Refreshing native plugins compatible for Editor in 0.64 ms, found 1 plugins.
Preloading 0 native plugins for Editor in 0.00 ms.
Unloading 4068 Unused Serialized files (Serialized files now loaded: 0)
System memory in use before: 365.8 MB.
System memory in use after: 366.1 MB.

Unloading 11 unused Assets to reduce memory usage. Loaded Objects now: 4834.
Total: 2.424191 ms (FindLiveObjects: 0.290680 ms CreateObjectMapping: 0.184883 ms MarkObjects: 1.888342 ms  DeleteObjects: 0.059610 ms)

========================================================================
Received Import Request.
  Time since last request: 786.688508 seconds.
  path: Assets/Scripts/Asteroids/GenericObjectPool.cs
  artifactKey: Guid(d3db8c00de7d345cda4ffe3d697f1e30) Importer(815301076,1909f56bfc062723c751e8b465ee728b)
Start importing Assets/Scripts/Asteroids/GenericObjectPool.cs using Guid(d3db8c00de7d345cda4ffe3d697f1e30) Importer(815301076,1909f56bfc062723c751e8b465ee728b)  -> (artifact id: 'e47b17c91d1f97846ae80dd85c413555') in 0.005200 seconds 
========================================================================
Received Prepare
Registering precompiled user dll's ...
Registered in 0.003175 seconds.
Begin MonoManager ReloadAssembly
Native extension for OSXStandalone target not found
Native extension for WebGL target not found
Refreshing native plugins compatible for Editor in 1.21 ms, found 1 plugins.
Preloading 0 native plugins for Editor in 0.00 ms.
Mono: successfully reloaded assembly
- Completed reload, in  1.499 seconds
Platform modules already initialized, skipping
Shader 'Universal Render Pipeline/Particles/Lit': fallback shader 'Universal Render Pipeline/Particles/SimpleLit' not found
Refreshing native plugins compatible for Editor in 0.64 ms, found 1 plugins.
Preloading 0 native plugins for Editor in 0.00 ms.
Unloading 4068 Unused Serialized files (Serialized files now loaded: 0)
System memory in use before: 366.4 MB.
System memory in use after: 366.6 MB.

Unloading 11 unused Assets to reduce memory usage. Loaded Objects now: 4837.
Total: 2.554298 ms (FindLiveObjects: 0.291238 ms CreateObjectMapping: 0.178483 ms MarkObjects: 2.019268 ms  DeleteObjects: 0.064456 ms)

========================================================================
Received Prepare
Registering precompiled user dll's ...
Registered in 0.002282 seconds.
Begin MonoManager ReloadAssembly
Native extension for OSXStandalone target not found
Native extension for WebGL target not found
Refreshing native plugins compatible for Editor in 0.70 ms, found 1 plugins.
Preloading 0 native plugins for Editor in 0.00 ms.
Mono: successfully reloaded assembly
- Completed reload, in  1.257 seconds
Platform modules already initialized, skipping
Shader 'Universal Render Pipeline/Particles/Lit': fallback shader 'Universal Render Pipeline/Particles/SimpleLit' not found
Refreshing native plugins compatible for Editor in 0.70 ms, found 1 plugins.
Preloading 0 native plugins for Editor in 0.00 ms.
Unloading 4068 Unused Serialized files (Serialized files now loaded: 0)
System memory in use before: 367.0 MB.
System memory in use after: 367.2 MB.

Unloading 11 unused Assets to reduce memory usage. Loaded Objects now: 4840.
Total: 2.677379 ms (FindLiveObjects: 0.280466 ms CreateObjectMapping: 0.176082 ms MarkObjects: 2.161578 ms  DeleteObjects: 0.058436 ms)

========================================================================
Received Prepare
Registering precompiled user dll's ...
Registered in 0.002301 seconds.
Begin MonoManager ReloadAssembly
Native extension for OSXStandalone target not found
Native extension for WebGL target not found
Refreshing native plugins compatible for Editor in 0.71 ms, found 1 plugins.
Preloading 0 native plugins for Editor in 0.00 ms.
Mono: successfully reloaded assembly
- Completed reload, in  1.443 seconds
Platform modules already initialized, skipping
Shader 'Universal Render Pipeline/Particles/Lit': fallback shader 'Universal Render Pipeline/Particles/SimpleLit' not found
Refreshing native plugins compatible for Editor in 0.70 ms, found 1 plugins.
Preloading 0 native plugins for Editor in 0.00 ms.
Unloading 4068 Unused Serialized files (Serialized files now loaded: 0)
System memory in use before: 367.6 MB.
System memory in use after: 367.8 MB.

Unloading 11 unused Assets to reduce memory usage. Loaded Objects now: 4843.
Total: 2.985425 ms (FindLiveObjects: 0.335491 ms CreateObjectMapping: 0.228249 ms MarkObjects: 2.348942 ms  DeleteObjects: 0.071706 ms)

========================================================================
Received Prepare
Registering precompiled user dll's ...
Registered in 0.002528 seconds.
Begin MonoManager ReloadAssembly
Native extension for OSXStandalone target not found
Native extension for WebGL target not found
Refreshing native plugins compatible for Editor in 0.88 ms, found 1 plugins.
Preloading 0 native plugins for Editor in 0.00 ms.
Mono: successfully reloaded assembly
- Completed reload, in  1.545 seconds
Platform modules already initialized, skipping
Shader 'Universal Render Pipeline/Particles/Lit': fallback shader 'Universal Render Pipeline/Particles/SimpleLit' not found
Refreshing native plugins compatible for Editor in 0.73 ms, found 1 plugins.
Preloading 0 native plugins for Editor in 0.00 ms.
Unloading 4068 Unused Serialized files (Serialized files now loaded: 0)
System memory in use before: 368.1 MB.
System memory in use after: 368.4 MB.

Unloading 11 unused Assets to reduce memory usage. Loaded Objects now: 4846.
Total: 3.968374 ms (FindLiveObjects: 0.583290 ms CreateObjectMapping: 0.385108 ms MarkObjects: 2.905885 ms  DeleteObjects: 0.092922 ms)

========================================================================
Received Prepare
Registering precompiled user dll's ...
Registered in 0.002750 seconds.
Begin MonoManager ReloadAssembly
Native extension for OSXStandalone target not found
Native extension for WebGL target not found
Refreshing native plugins compatible for Editor in 0.64 ms, found 1 plugins.
Preloading 0 native plugins for Editor in 0.00 ms.
Mono: successfully reloaded assembly
- Completed reload, in  1.247 seconds
Platform modules already initialized, skipping
Shader 'Universal Render Pipeline/Particles/Lit': fallback shader 'Universal Render Pipeline/Particles/SimpleLit' not found
Refreshing native plugins compatible for Editor in 0.64 ms, found 1 plugins.
Preloading 0 native plugins for Editor in 0.00 ms.
Unloading 4068 Unused Serialized files (Serialized files now loaded: 0)
System memory in use before: 368.7 MB.
System memory in use after: 369.0 MB.

Unloading 11 unused Assets to reduce memory usage. Loaded Objects now: 4849.
Total: 2.991321 ms (FindLiveObjects: 0.340395 ms CreateObjectMapping: 0.218730 ms MarkObjects: 2.357336 ms  DeleteObjects: 0.074041 ms)

========================================================================
Received Prepare
Registering precompiled user dll's ...
Registered in 0.001701 seconds.
Begin MonoManager ReloadAssembly
Native extension for OSXStandalone target not found
Native extension for WebGL target not found
Refreshing native plugins compatible for Editor in 0.65 ms, found 1 plugins.
Preloading 0 native plugins for Editor in 0.00 ms.
Mono: successfully reloaded assembly
- Completed reload, in  1.210 seconds
Platform modules already initialized, skipping
Shader 'Universal Render Pipeline/Particles/Lit': fallback shader 'Universal Render Pipeline/Particles/SimpleLit' not found
Refreshing native plugins compatible for Editor in 0.74 ms, found 1 plugins.
Preloading 0 native plugins for Editor in 0.00 ms.
Unloading 4068 Unused Serialized files (Serialized files now loaded: 0)
System memory in use before: 369.3 MB.
System memory in use after: 369.5 MB.

Unloading 11 unused Assets to reduce memory usage. Loaded Objects now: 4852.
Total: 3.046943 ms (FindLiveObjects: 0.330589 ms CreateObjectMapping: 0.211999 ms MarkObjects: 2.431782 ms  DeleteObjects: 0.071649 ms)

========================================================================
Received Prepare
Registering precompiled user dll's ...
Registered in 0.001897 seconds.
Begin MonoManager ReloadAssembly
Native extension for OSXStandalone target not found
Native extension for WebGL target not found
Refreshing native plugins compatible for Editor in 0.67 ms, found 1 plugins.
Preloading 0 native plugins for Editor in 0.00 ms.
Mono: successfully reloaded assembly
- Completed reload, in  1.187 seconds
Platform modules already initialized, skipping
Shader 'Universal Render Pipeline/Particles/Lit': fallback shader 'Universal Render Pipeline/Particles/SimpleLit' not found
Refreshing native plugins compatible for Editor in 0.64 ms, found 1 plugins.
Preloading 0 native plugins for Editor in 0.00 ms.
Unloading 4068 Unused Serialized files (Serialized files now loaded: 0)
System memory in use before: 369.9 MB.
System memory in use after: 370.1 MB.

Unloading 11 unused Assets to reduce memory usage. Loaded Objects now: 4855.
Total: 2.936768 ms (FindLiveObjects: 0.316948 ms CreateObjectMapping: 0.228223 ms MarkObjects: 2.319974 ms  DeleteObjects: 0.070699 ms)

========================================================================
Received Prepare
Registering precompiled user dll's ...
Registered in 0.002094 seconds.
Begin MonoManager ReloadAssembly
Native extension for OSXStandalone target not found
Native extension for WebGL target not found
Refreshing native plugins compatible for Editor in 0.66 ms, found 1 plugins.
Preloading 0 native plugins for Editor in 0.00 ms.
Mono: successfully reloaded assembly
- Completed reload, in  1.186 seconds
Platform modules already initialized, skipping
Shader 'Universal Render Pipeline/Particles/Lit': fallback shader 'Universal Render Pipeline/Particles/SimpleLit' not found
Refreshing native plugins compatible for Editor in 0.63 ms, found 1 plugins.
Preloading 0 native plugins for Editor in 0.00 ms.
Unloading 4068 Unused Serialized files (Serialized files now loaded: 0)
System memory in use before: 370.5 MB.
System memory in use after: 370.7 MB.

Unloading 11 unused Assets to reduce memory usage. Loaded Objects now: 4858.
Total: 2.362966 ms (FindLiveObjects: 0.274899 ms CreateObjectMapping: 0.173520 ms MarkObjects: 1.855881 ms  DeleteObjects: 0.057886 ms)

========================================================================
Received Prepare
Registering precompiled user dll's ...
Registered in 0.002539 seconds.
Begin MonoManager ReloadAssembly
Native extension for OSXStandalone target not found
Native extension for WebGL target not found
Refreshing native plugins compatible for Editor in 0.66 ms, found 1 plugins.
Preloading 0 native plugins for Editor in 0.00 ms.
Mono: successfully reloaded assembly
- Completed reload, in  1.208 seconds
Platform modules already initialized, skipping
Shader 'Universal Render Pipeline/Particles/Lit': fallback shader 'Universal Render Pipeline/Particles/SimpleLit' not found
Refreshing native plugins compatible for Editor in 0.64 ms, found 1 plugins.
Preloading 0 native plugins for Editor in 0.00 ms.
Unloading 4068 Unused Serialized files (Serialized files now loaded: 0)
System memory in use before: 371.0 MB.
System memory in use after: 371.3 MB.

Unloading 11 unused Assets to reduce memory usage. Loaded Objects now: 4861.
Total: 2.317541 ms (FindLiveObjects: 0.273519 ms CreateObjectMapping: 0.166112 ms MarkObjects: 1.819388 ms  DeleteObjects: 0.057879 ms)

========================================================================
Received Prepare
Registering precompiled user dll's ...
Registered in 0.002225 seconds.
Begin MonoManager ReloadAssembly
Native extension for OSXStandalone target not found
Native extension for WebGL target not found
Refreshing native plugins compatible for Editor in 0.70 ms, found 1 plugins.
Preloading 0 native plugins for Editor in 0.00 ms.
Mono: successfully reloaded assembly
- Completed reload, in  1.307 seconds
Platform modules already initialized, skipping
Shader 'Universal Render Pipeline/Particles/Lit': fallback shader 'Universal Render Pipeline/Particles/SimpleLit' not found
Refreshing native plugins compatible for Editor in 0.67 ms, found 1 plugins.
Preloading 0 native plugins for Editor in 0.00 ms.
Unloading 4068 Unused Serialized files (Serialized files now loaded: 0)
System memory in use before: 371.6 MB.
System memory in use after: 371.8 MB.

Unloading 11 unused Assets to reduce memory usage. Loaded Objects now: 4864.
Total: 3.089986 ms (FindLiveObjects: 0.306795 ms CreateObjectMapping: 0.165564 ms MarkObjects: 2.535249 ms  DeleteObjects: 0.081642 ms)

========================================================================
Received Import Request.
  Time since last request: 4275.557451 seconds.
  path: Assets/Prefabs/Cube.prefab
  artifactKey: Guid(4d81a28782a534986951a654ff1b7128) Importer(815301076,1909f56bfc062723c751e8b465ee728b)
Start importing Assets/Prefabs/Cube.prefab using Guid(4d81a28782a534986951a654ff1b7128) Importer(815301076,1909f56bfc062723c751e8b465ee728b)  -> (artifact id: 'a45b1edcb655f083746ed00d5a1d3116') in 0.186784 seconds 
========================================================================
Received Import Request.
  Time since last request: 32.979210 seconds.
  path: Assets/Prefabs/Cube.prefab
  artifactKey: Guid(4d81a28782a534986951a654ff1b7128) Importer(815301076,1909f56bfc062723c751e8b465ee728b)
Start importing Assets/Prefabs/Cube.prefab using Guid(4d81a28782a534986951a654ff1b7128) Importer(815301076,1909f56bfc062723c751e8b465ee728b)  -> (artifact id: '61217c59e8bd1e954c2480918a09039c') in 0.014682 seconds 
========================================================================
Received Prepare
Registering precompiled user dll's ...
Registered in 0.009394 seconds.
Begin MonoManager ReloadAssembly
Native extension for OSXStandalone target not found
Native extension for WebGL target not found
Refreshing native plugins compatible for Editor in 0.64 ms, found 1 plugins.
Preloading 0 native plugins for Editor in 0.00 ms.
Mono: successfully reloaded assembly
- Completed reload, in  1.243 seconds
Platform modules already initialized, skipping
Shader 'Universal Render Pipeline/Particles/Lit': fallback shader 'Universal Render Pipeline/Particles/SimpleLit' not found
Refreshing native plugins compatible for Editor in 0.65 ms, found 1 plugins.
Preloading 0 native plugins for Editor in 0.00 ms.
Unloading 4068 Unused Serialized files (Serialized files now loaded: 0)
System memory in use before: 372.4 MB.
System memory in use after: 372.7 MB.

Unloading 11 unused Assets to reduce memory usage. Loaded Objects now: 4903.
Total: 2.381504 ms (FindLiveObjects: 0.278436 ms CreateObjectMapping: 0.170729 ms MarkObjects: 1.871938 ms  DeleteObjects: 0.059724 ms)

========================================================================
Received Import Request.
  Time since last request: 75.240094 seconds.
  path: Assets/Prefabs/Cube 1.prefab
  artifactKey: Guid(e185920e8b0ef4e5da9f0a27abbd357e) Importer(815301076,1909f56bfc062723c751e8b465ee728b)
Start importing Assets/Prefabs/Cube 1.prefab using Guid(e185920e8b0ef4e5da9f0a27abbd357e) Importer(815301076,1909f56bfc062723c751e8b465ee728b)  -> (artifact id: '0d3c8ecd2d54e39df1773e07c00541ab') in 0.199704 seconds 
========================================================================
Received Import Request.
  Time since last request: 8.228587 seconds.
  path: Assets/Prefabs/Cube 1.prefab
  artifactKey: Guid(e185920e8b0ef4e5da9f0a27abbd357e) Importer(815301076,1909f56bfc062723c751e8b465ee728b)
Start importing Assets/Prefabs/Cube 1.prefab using Guid(e185920e8b0ef4e5da9f0a27abbd357e) Importer(815301076,1909f56bfc062723c751e8b465ee728b)  -> (artifact id: '9877eaa366c38bfe76ffd7d1856c43f5') in 0.010522 seconds 
========================================================================
Received Import Request.
  Time since last request: 6.960960 seconds.
  path: Assets/Prefabs/Cube.prefab
  artifactKey: Guid(4d81a28782a534986951a654ff1b7128) Importer(815301076,1909f56bfc062723c751e8b465ee728b)
Start importing Assets/Prefabs/Cube.prefab using Guid(4d81a28782a534986951a654ff1b7128) Importer(815301076,1909f56bfc062723c751e8b465ee728b)  -> (artifact id: '7e23407dc5292ab4a8de2453c5a09243') in 0.010272 seconds 
========================================================================
Received Import Request.
  Time since last request: 10.225284 seconds.
  path: Assets/Prefabs/Cube.prefab
  artifactKey: Guid(4d81a28782a534986951a654ff1b7128) Importer(815301076,1909f56bfc062723c751e8b465ee728b)
Start importing Assets/Prefabs/Cube.prefab using Guid(4d81a28782a534986951a654ff1b7128) Importer(815301076,1909f56bfc062723c751e8b465ee728b)  -> (artifact id: 'ca03e54f5f56960ce70618578c5ead0f') in 0.009578 seconds 
========================================================================
Received Prepare
Registering precompiled user dll's ...
Registered in 0.006744 seconds.
Begin MonoManager ReloadAssembly
Native extension for OSXStandalone target not found
Native extension for WebGL target not found
Refreshing native plugins compatible for Editor in 0.67 ms, found 1 plugins.
Preloading 0 native plugins for Editor in 0.00 ms.
Mono: successfully reloaded assembly
- Completed reload, in  1.275 seconds
Platform modules already initialized, skipping
Shader 'Universal Render Pipeline/Particles/Lit': fallback shader 'Universal Render Pipeline/Particles/SimpleLit' not found
Refreshing native plugins compatible for Editor in 0.65 ms, found 1 plugins.
Preloading 0 native plugins for Editor in 0.00 ms.
Unloading 4068 Unused Serialized files (Serialized files now loaded: 0)
System memory in use before: 373.2 MB.
System memory in use after: 373.4 MB.

Unloading 11 unused Assets to reduce memory usage. Loaded Objects now: 4942.
Total: 2.445766 ms (FindLiveObjects: 0.284567 ms CreateObjectMapping: 0.163083 ms MarkObjects: 1.938537 ms  DeleteObjects: 0.058805 ms)

========================================================================
Received Prepare
Registering precompiled user dll's ...
Registered in 0.001818 seconds.
Begin MonoManager ReloadAssembly
Native extension for OSXStandalone target not found
Native extension for WebGL target not found
Refreshing native plugins compatible for Editor in 0.69 ms, found 1 plugins.
Preloading 0 native plugins for Editor in 0.00 ms.
Mono: successfully reloaded assembly
- Completed reload, in  1.230 seconds
Platform modules already initialized, skipping
Shader 'Universal Render Pipeline/Particles/Lit': fallback shader 'Universal Render Pipeline/Particles/SimpleLit' not found
Refreshing native plugins compatible for Editor in 0.64 ms, found 1 plugins.
Preloading 0 native plugins for Editor in 0.00 ms.
Unloading 4068 Unused Serialized files (Serialized files now loaded: 0)
System memory in use before: 373.8 MB.
System memory in use after: 374.0 MB.

Unloading 11 unused Assets to reduce memory usage. Loaded Objects now: 4945.
Total: 2.890697 ms (FindLiveObjects: 0.325114 ms CreateObjectMapping: 0.215746 ms MarkObjects: 2.281058 ms  DeleteObjects: 0.067544 ms)

========================================================================
Received Prepare
Registering precompiled user dll's ...
Registered in 0.002797 seconds.
Begin MonoManager ReloadAssembly
Native extension for OSXStandalone target not found
Native extension for WebGL target not found
Refreshing native plugins compatible for Editor in 0.65 ms, found 1 plugins.
Preloading 0 native plugins for Editor in 0.00 ms.
Mono: successfully reloaded assembly
- Completed reload, in  1.196 seconds
Platform modules already initialized, skipping
Shader 'Universal Render Pipeline/Particles/Lit': fallback shader 'Universal Render Pipeline/Particles/SimpleLit' not found
Refreshing native plugins compatible for Editor in 0.74 ms, found 1 plugins.
Preloading 0 native plugins for Editor in 0.00 ms.
Unloading 4068 Unused Serialized files (Serialized files now loaded: 0)
System memory in use before: 374.3 MB.
System memory in use after: 374.5 MB.

Unloading 11 unused Assets to reduce memory usage. Loaded Objects now: 4948.
Total: 3.211794 ms (FindLiveObjects: 0.363001 ms CreateObjectMapping: 0.241214 ms MarkObjects: 2.529787 ms  DeleteObjects: 0.076894 ms)

========================================================================
Received Import Request.
  Time since last request: 190.891259 seconds.
  path: Assets/Prefabs/Cube.prefab
  artifactKey: Guid(4d81a28782a534986951a654ff1b7128) Importer(815301076,1909f56bfc062723c751e8b465ee728b)
Start importing Assets/Prefabs/Cube.prefab using Guid(4d81a28782a534986951a654ff1b7128) Importer(815301076,1909f56bfc062723c751e8b465ee728b)  -> (artifact id: 'e6496adeb723ff2dbabf9a1d5e0a5f30') in 0.185912 seconds 
========================================================================
Received Prepare
Registering precompiled user dll's ...
Registered in 0.002203 seconds.
Begin MonoManager ReloadAssembly
Native extension for OSXStandalone target not found
Native extension for WebGL target not found
Refreshing native plugins compatible for Editor in 0.63 ms, found 1 plugins.
Preloading 0 native plugins for Editor in 0.00 ms.
Mono: successfully reloaded assembly
- Completed reload, in  1.226 seconds
Platform modules already initialized, skipping
Shader 'Universal Render Pipeline/Particles/Lit': fallback shader 'Universal Render Pipeline/Particles/SimpleLit' not found
Refreshing native plugins compatible for Editor in 0.69 ms, found 1 plugins.
Preloading 0 native plugins for Editor in 0.00 ms.
Unloading 4068 Unused Serialized files (Serialized files now loaded: 0)
System memory in use before: 375.1 MB.
System memory in use after: 375.3 MB.

Unloading 11 unused Assets to reduce memory usage. Loaded Objects now: 4987.
Total: 3.060863 ms (FindLiveObjects: 0.325889 ms CreateObjectMapping: 0.214228 ms MarkObjects: 2.448032 ms  DeleteObjects: 0.071799 ms)

========================================================================
Received Import Request.
  Time since last request: 17.324640 seconds.
  path: Assets/Prefabs/Cube.prefab
  artifactKey: Guid(4d81a28782a534986951a654ff1b7128) Importer(815301076,1909f56bfc062723c751e8b465ee728b)
Start importing Assets/Prefabs/Cube.prefab using Guid(4d81a28782a534986951a654ff1b7128) Importer(815301076,1909f56bfc062723c751e8b465ee728b)  -> (artifact id: '3937f69ea7e8ac9ccfc9bebca8f7374c') in 0.186813 seconds 
========================================================================
Received Prepare
Registering precompiled user dll's ...
Registered in 0.002005 seconds.
Begin MonoManager ReloadAssembly
Native extension for OSXStandalone target not found
Native extension for WebGL target not found
Refreshing native plugins compatible for Editor in 0.68 ms, found 1 plugins.
Preloading 0 native plugins for Editor in 0.00 ms.
Mono: successfully reloaded assembly
- Completed reload, in  1.243 seconds
Platform modules already initialized, skipping
Shader 'Universal Render Pipeline/Particles/Lit': fallback shader 'Universal Render Pipeline/Particles/SimpleLit' not found
Refreshing native plugins compatible for Editor in 0.70 ms, found 1 plugins.
Preloading 0 native plugins for Editor in 0.00 ms.
Unloading 4068 Unused Serialized files (Serialized files now loaded: 0)
System memory in use before: 375.8 MB.
System memory in use after: 376.1 MB.

Unloading 11 unused Assets to reduce memory usage. Loaded Objects now: 5026.
Total: 3.406632 ms (FindLiveObjects: 0.458199 ms CreateObjectMapping: 0.282342 ms MarkObjects: 2.597523 ms  DeleteObjects: 0.067542 ms)

========================================================================
Received Prepare
Registering precompiled user dll's ...
Registered in 0.002009 seconds.
Begin MonoManager ReloadAssembly
Native extension for OSXStandalone target not found
Native extension for WebGL target not found
Refreshing native plugins compatible for Editor in 0.67 ms, found 1 plugins.
Preloading 0 native plugins for Editor in 0.00 ms.
Mono: successfully reloaded assembly
- Completed reload, in  1.334 seconds
Platform modules already initialized, skipping
Shader 'Universal Render Pipeline/Particles/Lit': fallback shader 'Universal Render Pipeline/Particles/SimpleLit' not found
Refreshing native plugins compatible for Editor in 0.64 ms, found 1 plugins.
Preloading 0 native plugins for Editor in 0.00 ms.
Unloading 4068 Unused Serialized files (Serialized files now loaded: 0)
System memory in use before: 376.4 MB.
System memory in use after: 376.6 MB.

Unloading 11 unused Assets to reduce memory usage. Loaded Objects now: 5029.
Total: 2.950454 ms (FindLiveObjects: 0.334845 ms CreateObjectMapping: 0.206856 ms MarkObjects: 2.339076 ms  DeleteObjects: 0.068756 ms)

========================================================================
Received Import Request.
  Time since last request: 67.026799 seconds.
  path: Assets/Prefabs/Missile.prefab
  artifactKey: Guid(70e7d43c5e43e41588c999703d5ecb75) Importer(815301076,1909f56bfc062723c751e8b465ee728b)
Start importing Assets/Prefabs/Missile.prefab using Guid(70e7d43c5e43e41588c999703d5ecb75) Importer(815301076,1909f56bfc062723c751e8b465ee728b)  -> (artifact id: '7e285b7321a7203ef71fe7c9ca7cc7ea') in 0.172180 seconds 
========================================================================
Received Prepare
Registering precompiled user dll's ...
Registered in 0.002411 seconds.
Begin MonoManager ReloadAssembly
Native extension for OSXStandalone target not found
Native extension for WebGL target not found
Refreshing native plugins compatible for Editor in 0.63 ms, found 1 plugins.
Preloading 0 native plugins for Editor in 0.00 ms.
Mono: successfully reloaded assembly
- Completed reload, in  1.208 seconds
Platform modules already initialized, skipping
Shader 'Universal Render Pipeline/Particles/Lit': fallback shader 'Universal Render Pipeline/Particles/SimpleLit' not found
Refreshing native plugins compatible for Editor in 0.70 ms, found 1 plugins.
Preloading 0 native plugins for Editor in 0.00 ms.
Unloading 4068 Unused Serialized files (Serialized files now loaded: 0)
System memory in use before: 377.1 MB.
System memory in use after: 377.4 MB.

Unloading 11 unused Assets to reduce memory usage. Loaded Objects now: 5068.
Total: 3.085093 ms (FindLiveObjects: 0.346592 ms CreateObjectMapping: 0.220741 ms MarkObjects: 2.447004 ms  DeleteObjects: 0.069834 ms)

========================================================================
Received Import Request.
  Time since last request: 9.853708 seconds.
  path: Assets/Prefabs/Missile.prefab
  artifactKey: Guid(70e7d43c5e43e41588c999703d5ecb75) Importer(815301076,1909f56bfc062723c751e8b465ee728b)
Start importing Assets/Prefabs/Missile.prefab using Guid(70e7d43c5e43e41588c999703d5ecb75) Importer(815301076,1909f56bfc062723c751e8b465ee728b)  -> (artifact id: '81d47b8c106ceabd389de0538ef69a3c') in 0.165012 seconds 
========================================================================
Received Prepare
Registering precompiled user dll's ...
Registered in 0.002283 seconds.
Begin MonoManager ReloadAssembly
Native extension for OSXStandalone target not found
Native extension for WebGL target not found
Refreshing native plugins compatible for Editor in 0.74 ms, found 1 plugins.
Preloading 0 native plugins for Editor in 0.00 ms.
Mono: successfully reloaded assembly
- Completed reload, in  1.407 seconds
Platform modules already initialized, skipping
Shader 'Universal Render Pipeline/Particles/Lit': fallback shader 'Universal Render Pipeline/Particles/SimpleLit' not found
Refreshing native plugins compatible for Editor in 0.67 ms, found 1 plugins.
Preloading 0 native plugins for Editor in 0.00 ms.
Unloading 4068 Unused Serialized files (Serialized files now loaded: 0)
System memory in use before: 377.9 MB.
System memory in use after: 378.2 MB.

Unloading 11 unused Assets to reduce memory usage. Loaded Objects now: 5107.
Total: 3.391976 ms (FindLiveObjects: 0.339082 ms CreateObjectMapping: 0.211932 ms MarkObjects: 2.763405 ms  DeleteObjects: 0.076648 ms)

========================================================================
Received Import Request.
  Time since last request: 50.745260 seconds.
  path: Assets/Prefabs/spaceship.prefab
  artifactKey: Guid(54d0ddf059f79472389c5ad3040d286d) Importer(815301076,1909f56bfc062723c751e8b465ee728b)
Start importing Assets/Prefabs/spaceship.prefab using Guid(54d0ddf059f79472389c5ad3040d286d) Importer(815301076,1909f56bfc062723c751e8b465ee728b)  -> (artifact id: '538f02a44f53c7d74b8cfc5bc6b914b2') in 0.213446 seconds 
========================================================================
Received Import Request.
  Time since last request: 1.038591 seconds.
  path: Assets/Prefabs/spaceship.prefab
  artifactKey: Guid(54d0ddf059f79472389c5ad3040d286d) Importer(815301076,1909f56bfc062723c751e8b465ee728b)
Start importing Assets/Prefabs/spaceship.prefab using Guid(54d0ddf059f79472389c5ad3040d286d) Importer(815301076,1909f56bfc062723c751e8b465ee728b)  -> (artifact id: 'f354258ab00ce0bea66179061362dca7') in 0.015758 seconds 
========================================================================
Received Import Request.
  Time since last request: 4.423184 seconds.
  path: Assets/Prefabs/spaceship.prefab
  artifactKey: Guid(54d0ddf059f79472389c5ad3040d286d) Importer(815301076,1909f56bfc062723c751e8b465ee728b)
Start importing Assets/Prefabs/spaceship.prefab using Guid(54d0ddf059f79472389c5ad3040d286d) Importer(815301076,1909f56bfc062723c751e8b465ee728b)  -> (artifact id: '985cdd18388c3fc0cb771cc2765b10a4') in 0.018701 seconds 
========================================================================
Received Prepare
Registering precompiled user dll's ...
Registered in 0.009363 seconds.
Begin MonoManager ReloadAssembly
Native extension for OSXStandalone target not found
Native extension for WebGL target not found
Refreshing native plugins compatible for Editor in 0.65 ms, found 1 plugins.
Preloading 0 native plugins for Editor in 0.00 ms.
Mono: successfully reloaded assembly
- Completed reload, in  1.705 seconds
Platform modules already initialized, skipping
Shader 'Universal Render Pipeline/Particles/Lit': fallback shader 'Universal Render Pipeline/Particles/SimpleLit' not found
Refreshing native plugins compatible for Editor in 0.64 ms, found 1 plugins.
Preloading 0 native plugins for Editor in 0.00 ms.
Unloading 4068 Unused Serialized files (Serialized files now loaded: 0)
System memory in use before: 382.5 MB.
System memory in use after: 382.8 MB.

Unloading 11 unused Assets to reduce memory usage. Loaded Objects now: 5146.
Total: 6.401670 ms (FindLiveObjects: 0.362539 ms CreateObjectMapping: 0.191260 ms MarkObjects: 5.742160 ms  DeleteObjects: 0.104683 ms)

========================================================================
Received Prepare
Registering precompiled user dll's ...
Registered in 0.002035 seconds.
Begin MonoManager ReloadAssembly
Native extension for OSXStandalone target not found
Native extension for WebGL target not found
Refreshing native plugins compatible for Editor in 1.17 ms, found 1 plugins.
Preloading 0 native plugins for Editor in 0.00 ms.
Mono: successfully reloaded assembly
- Completed reload, in  1.285 seconds
Platform modules already initialized, skipping
Shader 'Universal Render Pipeline/Particles/Lit': fallback shader 'Universal Render Pipeline/Particles/SimpleLit' not found
Refreshing native plugins compatible for Editor in 0.99 ms, found 1 plugins.
Preloading 0 native plugins for Editor in 0.00 ms.
Unloading 4068 Unused Serialized files (Serialized files now loaded: 0)
System memory in use before: 383.3 MB.
System memory in use after: 383.5 MB.

Unloading 11 unused Assets to reduce memory usage. Loaded Objects now: 5149.
Total: 4.345825 ms (FindLiveObjects: 0.600308 ms CreateObjectMapping: 0.429606 ms MarkObjects: 3.226529 ms  DeleteObjects: 0.088051 ms)

========================================================================
Received Prepare
Registering precompiled user dll's ...
Registered in 0.002453 seconds.
Begin MonoManager ReloadAssembly
Native extension for OSXStandalone target not found
Native extension for WebGL target not found
Refreshing native plugins compatible for Editor in 0.68 ms, found 1 plugins.
Preloading 0 native plugins for Editor in 0.00 ms.
Mono: successfully reloaded assembly
- Completed reload, in  1.373 seconds
Platform modules already initialized, skipping
Shader 'Universal Render Pipeline/Particles/Lit': fallback shader 'Universal Render Pipeline/Particles/SimpleLit' not found
Refreshing native plugins compatible for Editor in 0.71 ms, found 1 plugins.
Preloading 0 native plugins for Editor in 0.00 ms.
Unloading 4068 Unused Serialized files (Serialized files now loaded: 0)
System memory in use before: 431.4 MB.
System memory in use after: 431.6 MB.

Unloading 11 unused Assets to reduce memory usage. Loaded Objects now: 5152.
Total: 4.135618 ms (FindLiveObjects: 0.377039 ms CreateObjectMapping: 0.225552 ms MarkObjects: 3.433158 ms  DeleteObjects: 0.098706 ms)

========================================================================
Received Import Request.
  Time since last request: 7374.078165 seconds.
  path: Assets/Prefabs/spaceship.prefab
  artifactKey: Guid(54d0ddf059f79472389c5ad3040d286d) Importer(815301076,1909f56bfc062723c751e8b465ee728b)
Start importing Assets/Prefabs/spaceship.prefab using Guid(54d0ddf059f79472389c5ad3040d286d) Importer(815301076,1909f56bfc062723c751e8b465ee728b)  -> (artifact id: '8084d8556f03ab7f9505de10363882f4') in 0.272457 seconds 
========================================================================
Received Prepare
Registering precompiled user dll's ...
Registered in 0.002098 seconds.
Begin MonoManager ReloadAssembly
Native extension for OSXStandalone target not found
Native extension for WebGL target not found
Refreshing native plugins compatible for Editor in 0.98 ms, found 1 plugins.
Preloading 0 native plugins for Editor in 0.00 ms.
Mono: successfully reloaded assembly
- Completed reload, in  1.232 seconds
Platform modules already initialized, skipping
Shader 'Universal Render Pipeline/Particles/Lit': fallback shader 'Universal Render Pipeline/Particles/SimpleLit' not found
Refreshing native plugins compatible for Editor in 0.64 ms, found 1 plugins.
Preloading 0 native plugins for Editor in 0.00 ms.
Unloading 4068 Unused Serialized files (Serialized files now loaded: 0)
System memory in use before: 432.2 MB.
System memory in use after: 432.4 MB.

Unloading 11 unused Assets to reduce memory usage. Loaded Objects now: 5191.
Total: 3.200444 ms (FindLiveObjects: 0.389246 ms CreateObjectMapping: 0.239040 ms MarkObjects: 2.502592 ms  DeleteObjects: 0.068794 ms)

========================================================================
Received Prepare
Registering precompiled user dll's ...
Registered in 0.004142 seconds.
Begin MonoManager ReloadAssembly
Native extension for OSXStandalone target not found
Native extension for WebGL target not found
Refreshing native plugins compatible for Editor in 0.73 ms, found 1 plugins.
Preloading 0 native plugins for Editor in 0.00 ms.
[ScriptCompilation] NOT recompiling all scripts because this is an import worker process. Reason to compile was: Define symbols changed
Mono: successfully reloaded assembly
- Completed reload, in  1.496 seconds
Platform modules already initialized, skipping
Shader 'Universal Render Pipeline/Particles/Lit': fallback shader 'Universal Render Pipeline/Particles/SimpleLit' not found
Refreshing native plugins compatible for Editor in 0.75 ms, found 1 plugins.
Preloading 0 native plugins for Editor in 0.00 ms.
Unloading 4188 Unused Serialized files (Serialized files now loaded: 0)
System memory in use before: 441.2 MB.
System memory in use after: 439.4 MB.

Unloading 38 unused Assets to reduce memory usage. Loaded Objects now: 5287.
Total: 3.485812 ms (FindLiveObjects: 0.387040 ms CreateObjectMapping: 0.210700 ms MarkObjects: 2.262653 ms  DeleteObjects: 0.624426 ms)

========================================================================
Received Import Request.
  Time since last request: 2395.645987 seconds.
  path: Assets/EarthSimplePlanets/Skybox/backImage.png
  artifactKey: Guid(0fbf23bda4c210c44a0fe51c9bbaecc7) Importer(815301076,1909f56bfc062723c751e8b465ee728b)
Start importing Assets/EarthSimplePlanets/Skybox/backImage.png using Guid(0fbf23bda4c210c44a0fe51c9bbaecc7) Importer(815301076,1909f56bfc062723c751e8b465ee728b)  -> (artifact id: '79d9337d2ef93a600154942a34746036') in 1.004707 seconds 
========================================================================
Received Import Request.
  Time since last request: 0.000254 seconds.
  path: Assets/EarthSimplePlanets/Skybox/leftImage.png
  artifactKey: Guid(e93b91c50a583a949bd59be8a2f0e8e0) Importer(815301076,1909f56bfc062723c751e8b465ee728b)
Start importing Assets/EarthSimplePlanets/Skybox/leftImage.png using Guid(e93b91c50a583a949bd59be8a2f0e8e0) Importer(815301076,1909f56bfc062723c751e8b465ee728b)  -> (artifact id: 'abea2146e149b58185caa8d32a7ed576') in 0.014148 seconds 
========================================================================
Received Import Request.
  Time since last request: 0.000258 seconds.
  path: Assets/EarthSimplePlanets/Skybox/rightImage.png
  artifactKey: Guid(ff7a4eded7a1437488c0e6771172133e) Importer(815301076,1909f56bfc062723c751e8b465ee728b)
Start importing Assets/EarthSimplePlanets/Skybox/rightImage.png using Guid(ff7a4eded7a1437488c0e6771172133e) Importer(815301076,1909f56bfc062723c751e8b465ee728b)  -> (artifact id: '18bdbd3532475bd0826ff51ef0b1ef72') in 0.015562 seconds 
========================================================================
Received Import Request.
  Time since last request: 0.000243 seconds.
  path: Assets/EarthSimplePlanets/Skybox/upImage.png
  artifactKey: Guid(1eee1a8f13e601d4e967192b6915486c) Importer(815301076,1909f56bfc062723c751e8b465ee728b)
Start importing Assets/EarthSimplePlanets/Skybox/upImage.png using Guid(1eee1a8f13e601d4e967192b6915486c) Importer(815301076,1909f56bfc062723c751e8b465ee728b)  -> (artifact id: '2178d6f293728fe4a72ce44a8a2a69fe') in 0.013007 seconds 
========================================================================
Received Prepare
Registering precompiled user dll's ...
Registered in 0.002620 seconds.
Begin MonoManager ReloadAssembly
Native extension for OSXStandalone target not found
Native extension for WebGL target not found
Refreshing native plugins compatible for Editor in 0.71 ms, found 1 plugins.
Preloading 0 native plugins for Editor in 0.00 ms.
[ScriptCompilation] NOT recompiling all scripts because this is an import worker process. Reason to compile was: Define symbols changed
Mono: successfully reloaded assembly
- Completed reload, in  1.252 seconds
Platform modules already initialized, skipping
Shader 'Universal Render Pipeline/Particles/Lit': fallback shader 'Universal Render Pipeline/Particles/SimpleLit' not found
Refreshing native plugins compatible for Editor in 0.77 ms, found 1 plugins.
Preloading 0 native plugins for Editor in 0.00 ms.
Unloading 4188 Unused Serialized files (Serialized files now loaded: 0)
System memory in use before: 448.2 MB.
System memory in use after: 446.5 MB.

Unloading 38 unused Assets to reduce memory usage. Loaded Objects now: 5348.
Total: 4.184955 ms (FindLiveObjects: 0.395857 ms CreateObjectMapping: 0.237641 ms MarkObjects: 2.896380 ms  DeleteObjects: 0.653987 ms)

========================================================================
Received Prepare
Registering precompiled user dll's ...
Registered in 0.003359 seconds.
Begin MonoManager ReloadAssembly
Native extension for OSXStandalone target not found
Native extension for WebGL target not found
Refreshing native plugins compatible for Editor in 0.66 ms, found 1 plugins.
Preloading 0 native plugins for Editor in 0.00 ms.
Mono: successfully reloaded assembly
- Completed reload, in  1.291 seconds
Platform modules already initialized, skipping
Shader 'Universal Render Pipeline/Particles/Lit': fallback shader 'Universal Render Pipeline/Particles/SimpleLit' not found
Refreshing native plugins compatible for Editor in 0.73 ms, found 1 plugins.
Preloading 0 native plugins for Editor in 0.00 ms.
Unloading 4188 Unused Serialized files (Serialized files now loaded: 0)
System memory in use before: 449.0 MB.
System memory in use after: 447.2 MB.

Unloading 38 unused Assets to reduce memory usage. Loaded Objects now: 5351.
Total: 4.238457 ms (FindLiveObjects: 0.428653 ms CreateObjectMapping: 0.274925 ms MarkObjects: 2.846900 ms  DeleteObjects: 0.686979 ms)

========================================================================
Received Prepare
Registering precompiled user dll's ...
Registered in 0.002300 seconds.
Begin MonoManager ReloadAssembly
Native extension for OSXStandalone target not found
Native extension for WebGL target not found
Refreshing native plugins compatible for Editor in 0.71 ms, found 1 plugins.
Preloading 0 native plugins for Editor in 0.00 ms.
Mono: successfully reloaded assembly
- Completed reload, in  1.277 seconds
Platform modules already initialized, skipping
Shader 'Universal Render Pipeline/Particles/Lit': fallback shader 'Universal Render Pipeline/Particles/SimpleLit' not found
Refreshing native plugins compatible for Editor in 0.64 ms, found 1 plugins.
Preloading 0 native plugins for Editor in 0.00 ms.
Unloading 4188 Unused Serialized files (Serialized files now loaded: 0)
System memory in use before: 449.7 MB.
System memory in use after: 447.9 MB.

Unloading 38 unused Assets to reduce memory usage. Loaded Objects now: 5354.
Total: 3.162444 ms (FindLiveObjects: 0.325033 ms CreateObjectMapping: 0.185136 ms MarkObjects: 2.153307 ms  DeleteObjects: 0.498263 ms)

========================================================================
Received Prepare
Registering precompiled user dll's ...
Registered in 0.002343 seconds.
Begin MonoManager ReloadAssembly
Native extension for OSXStandalone target not found
Native extension for WebGL target not found
Refreshing native plugins compatible for Editor in 0.77 ms, found 1 plugins.
Preloading 0 native plugins for Editor in 0.00 ms.
Mono: successfully reloaded assembly
- Completed reload, in  1.383 seconds
Platform modules already initialized, skipping
Shader 'Universal Render Pipeline/Particles/Lit': fallback shader 'Universal Render Pipeline/Particles/SimpleLit' not found
Refreshing native plugins compatible for Editor in 0.67 ms, found 1 plugins.
Preloading 0 native plugins for Editor in 0.00 ms.
Unloading 4188 Unused Serialized files (Serialized files now loaded: 0)
System memory in use before: 450.2 MB.
System memory in use after: 448.5 MB.

Unloading 38 unused Assets to reduce memory usage. Loaded Objects now: 5357.
Total: 3.659864 ms (FindLiveObjects: 0.348524 ms CreateObjectMapping: 0.196682 ms MarkObjects: 2.508367 ms  DeleteObjects: 0.605508 ms)

========================================================================
Received Prepare
Registering precompiled user dll's ...
Registered in 0.002467 seconds.
Begin MonoManager ReloadAssembly
Native extension for OSXStandalone target not found
Native extension for WebGL target not found
Refreshing native plugins compatible for Editor in 0.84 ms, found 1 plugins.
Preloading 0 native plugins for Editor in 0.00 ms.
Mono: successfully reloaded assembly
- Completed reload, in  1.483 seconds
Platform modules already initialized, skipping
Shader 'Universal Render Pipeline/Particles/Lit': fallback shader 'Universal Render Pipeline/Particles/SimpleLit' not found
Refreshing native plugins compatible for Editor in 0.72 ms, found 1 plugins.
Preloading 0 native plugins for Editor in 0.00 ms.
Unloading 4188 Unused Serialized files (Serialized files now loaded: 0)
System memory in use before: 450.8 MB.
System memory in use after: 449.1 MB.

Unloading 38 unused Assets to reduce memory usage. Loaded Objects now: 5360.
Total: 4.219063 ms (FindLiveObjects: 0.372221 ms CreateObjectMapping: 0.227055 ms MarkObjects: 2.967646 ms  DeleteObjects: 0.651204 ms)

========================================================================
Received Import Request.
  Time since last request: 2489.860477 seconds.
  path: Assets/Scenes/SpaceScene/Global Volume Profile.asset
  artifactKey: Guid(b6253101f400c47fdaac0f0537ebb474) Importer(815301076,1909f56bfc062723c751e8b465ee728b)
Start importing Assets/Scenes/SpaceScene/Global Volume Profile.asset using Guid(b6253101f400c47fdaac0f0537ebb474) Importer(815301076,1909f56bfc062723c751e8b465ee728b)  -> (artifact id: '64447febf587006e3c530cda76a8fb85') in 0.429179 seconds 
========================================================================
Received Import Request.
  Time since last request: 11.848707 seconds.
  path: Assets/Scenes/SpaceScene/Global Volume Profile.asset
  artifactKey: Guid(b6253101f400c47fdaac0f0537ebb474) Importer(815301076,1909f56bfc062723c751e8b465ee728b)
Start importing Assets/Scenes/SpaceScene/Global Volume Profile.asset using Guid(b6253101f400c47fdaac0f0537ebb474) Importer(815301076,1909f56bfc062723c751e8b465ee728b)  -> (artifact id: '426acd76808771e2f642b5fe7b013584') in 0.003822 seconds 
========================================================================
Received Prepare
Registering precompiled user dll's ...
Registered in 0.002150 seconds.
Begin MonoManager ReloadAssembly
Native extension for OSXStandalone target not found
Native extension for WebGL target not found
Refreshing native plugins compatible for Editor in 0.67 ms, found 1 plugins.
Preloading 0 native plugins for Editor in 0.00 ms.
Mono: successfully reloaded assembly
- Completed reload, in  1.218 seconds
Platform modules already initialized, skipping
Shader 'Universal Render Pipeline/Particles/Lit': fallback shader 'Universal Render Pipeline/Particles/SimpleLit' not found
Refreshing native plugins compatible for Editor in 0.68 ms, found 1 plugins.
Preloading 0 native plugins for Editor in 0.00 ms.
Unloading 4188 Unused Serialized files (Serialized files now loaded: 0)
System memory in use before: 455.7 MB.
System memory in use after: 453.9 MB.

Unloading 38 unused Assets to reduce memory usage. Loaded Objects now: 5363.
Total: 3.894462 ms (FindLiveObjects: 0.365033 ms CreateObjectMapping: 0.229415 ms MarkObjects: 2.670556 ms  DeleteObjects: 0.628542 ms)

========================================================================
Received Import Request.
  Time since last request: 54.214064 seconds.
  path: Assets/Scenes/SpaceScene/Global Volume Profile 1.asset
  artifactKey: Guid(4d9d1d28b770b4eadb1f2d5102349d1f) Importer(815301076,1909f56bfc062723c751e8b465ee728b)
Start importing Assets/Scenes/SpaceScene/Global Volume Profile 1.asset using Guid(4d9d1d28b770b4eadb1f2d5102349d1f) Importer(815301076,1909f56bfc062723c751e8b465ee728b)  -> (artifact id: 'dc77ac85f910f86e5e280546b2d9d14c') in 0.020639 seconds 
========================================================================
Received Import Request.
  Time since last request: 0.000234 seconds.
  path: Assets/Scenes/SpaceScene/Global Volume Profile.asset
  artifactKey: Guid(b6253101f400c47fdaac0f0537ebb474) Importer(815301076,1909f56bfc062723c751e8b465ee728b)
Start importing Assets/Scenes/SpaceScene/Global Volume Profile.asset using Guid(b6253101f400c47fdaac0f0537ebb474) Importer(815301076,1909f56bfc062723c751e8b465ee728b)  -> (artifact id: '9ceab28f18130574b8d45a5aa4db92c8') in 0.004010 seconds 
========================================================================
Received Import Request.
  Time since last request: 21.930964 seconds.
  path: Assets/Scenes/SpaceScene/Global Volume Profile 1.asset
  artifactKey: Guid(4d9d1d28b770b4eadb1f2d5102349d1f) Importer(815301076,1909f56bfc062723c751e8b465ee728b)
Start importing Assets/Scenes/SpaceScene/Global Volume Profile 1.asset using Guid(4d9d1d28b770b4eadb1f2d5102349d1f) Importer(815301076,1909f56bfc062723c751e8b465ee728b)  -> (artifact id: '58b85c512968cc1cf649d8a37be5f202') in 0.003495 seconds 
========================================================================
Received Import Request.
  Time since last request: 94.528669 seconds.
  path: Assets/Scenes/SpaceScene/Global Volume Profile 1.asset
  artifactKey: Guid(4d9d1d28b770b4eadb1f2d5102349d1f) Importer(815301076,1909f56bfc062723c751e8b465ee728b)
Start importing Assets/Scenes/SpaceScene/Global Volume Profile 1.asset using Guid(4d9d1d28b770b4eadb1f2d5102349d1f) Importer(815301076,1909f56bfc062723c751e8b465ee728b)  -> (artifact id: 'dd9b581edef2fe0d2a15f7c67e3eb640') in 0.003582 seconds 
========================================================================
Received Import Request.
  Time since last request: 261.352826 seconds.
  path: Assets/Scenes/SpaceScene/Global Volume Profile 1.asset
  artifactKey: Guid(4d9d1d28b770b4eadb1f2d5102349d1f) Importer(815301076,1909f56bfc062723c751e8b465ee728b)
Start importing Assets/Scenes/SpaceScene/Global Volume Profile 1.asset using Guid(4d9d1d28b770b4eadb1f2d5102349d1f) Importer(815301076,1909f56bfc062723c751e8b465ee728b)  -> (artifact id: '5036440cbebffd168537bae252364bb5') in 0.003999 seconds 
========================================================================
Received Import Request.
  Time since last request: 0.000306 seconds.
  path: Assets/Scenes/SpaceScene/Global Volume Profile.asset
  artifactKey: Guid(b6253101f400c47fdaac0f0537ebb474) Importer(815301076,1909f56bfc062723c751e8b465ee728b)
Start importing Assets/Scenes/SpaceScene/Global Volume Profile.asset using Guid(b6253101f400c47fdaac0f0537ebb474) Importer(815301076,1909f56bfc062723c751e8b465ee728b)  -> (artifact id: '3471833aa30375feaa1a4a2468cb094d') in 0.003396 seconds 
========================================================================
Received Import Request.
  Time since last request: 223.897265 seconds.
  path: Packages/com.unity.cinemachine/Runtime/com.unity.cinemachine.asmdef
  artifactKey: Guid(4307f53044263cf4b835bd812fc161a4) Importer(815301076,1909f56bfc062723c751e8b465ee728b)
Start importing Packages/com.unity.cinemachine/Runtime/com.unity.cinemachine.asmdef using Guid(4307f53044263cf4b835bd812fc161a4) Importer(815301076,1909f56bfc062723c751e8b465ee728b)  -> (artifact id: '191eae338f04d5d47cbd0e9c7b9006a8') in 0.172544 seconds 
========================================================================
Received Import Request.
  Time since last request: 0.000258 seconds.
  path: Packages/com.unity.ide.visualstudio/Editor/com.unity.ide.visualstudio.asmdef
  artifactKey: Guid(b93f844d45cfcc44fa2b0eed5c9ec6bb) Importer(815301076,1909f56bfc062723c751e8b465ee728b)
Start importing Packages/com.unity.ide.visualstudio/Editor/com.unity.ide.visualstudio.asmdef using Guid(b93f844d45cfcc44fa2b0eed5c9ec6bb) Importer(815301076,1909f56bfc062723c751e8b465ee728b)  -> (artifact id: 'f7c166c5239c9f94d6347c9b443d9b01') in 0.002333 seconds 
========================================================================
Received Import Request.
  Time since last request: 0.000236 seconds.
  path: Packages/com.unity.cinemachine/Tests/Runtime/com.unity.cinemachine.Tests.asmdef
  artifactKey: Guid(8ba1cf4afa640804e94ba034367104ab) Importer(815301076,1909f56bfc062723c751e8b465ee728b)
Start importing Packages/com.unity.cinemachine/Tests/Runtime/com.unity.cinemachine.Tests.asmdef using Guid(8ba1cf4afa640804e94ba034367104ab) Importer(815301076,1909f56bfc062723c751e8b465ee728b)  -> (artifact id: 'e4f4f841aa207f49f5f31f8c47299fd7') in 0.002499 seconds 
========================================================================
Received Import Request.
  Time since last request: 0.000216 seconds.
  path: Packages/com.unity.cinemachine/Editor/com.unity.cinemachine.Editor.asmdef
  artifactKey: Guid(ba8c092d026123a418fb4bfb797a7bd8) Importer(815301076,1909f56bfc062723c751e8b465ee728b)
Start importing Packages/com.unity.cinemachine/Editor/com.unity.cinemachine.Editor.asmdef using Guid(ba8c092d026123a418fb4bfb797a7bd8) Importer(815301076,1909f56bfc062723c751e8b465ee728b)  -> (artifact id: '09faac3e006c79fe8b0e3eccfc7964a8') in 0.002585 seconds 
========================================================================
Received Import Request.
  Time since last request: 0.000199 seconds.
  path: Packages/com.unity.ide.rider/Rider/Editor/com.unity.ide.rider.asmdef
  artifactKey: Guid(d528c8c98d269ca44a06cd9624a03945) Importer(815301076,1909f56bfc062723c751e8b465ee728b)
Start importing Packages/com.unity.ide.rider/Rider/Editor/com.unity.ide.rider.asmdef using Guid(d528c8c98d269ca44a06cd9624a03945) Importer(815301076,1909f56bfc062723c751e8b465ee728b)  -> (artifact id: 'f7eb19ff54a73ccb3a3ab990e095b44e') in 0.002256 seconds 
========================================================================
Received Import Request.
  Time since last request: 0.000242 seconds.
  path: Packages/com.unity.cinemachine/Tests/Editor/com.unity.cinemachine.EditorTests.asmdef
  artifactKey: Guid(d5ada0dcd11a06049936072bb3b3ed73) Importer(815301076,1909f56bfc062723c751e8b465ee728b)
Start importing Packages/com.unity.cinemachine/Tests/Editor/com.unity.cinemachine.EditorTests.asmdef using Guid(d5ada0dcd11a06049936072bb3b3ed73) Importer(815301076,1909f56bfc062723c751e8b465ee728b)  -> (artifact id: '461ac7523ee382039eab818fe08f87a5') in 0.001859 seconds 
========================================================================
Received Import Request.
  Time since last request: 7.799939 seconds.
  path: Packages/com.unity.render-pipelines.universal/Editor/Unity.RenderPipelines.Universal.Editor.asmdef
  artifactKey: Guid(c579267770062bf448e75eb160330b7f) Importer(815301076,1909f56bfc062723c751e8b465ee728b)
Start importing Packages/com.unity.render-pipelines.universal/Editor/Unity.RenderPipelines.Universal.Editor.asmdef using Guid(c579267770062bf448e75eb160330b7f) Importer(815301076,1909f56bfc062723c751e8b465ee728b)  -> (artifact id: '8eebb0dbf02538609caf0df26a0fd42b') in 0.002373 seconds 
========================================================================
Received Import Request.
  Time since last request: 0.000202 seconds.
  path: Packages/com.unity.render-pipelines.universal/ShaderLibrary/Unity.RenderPipelines.Universal.ShaderLibrary.asmdef
  artifactKey: Guid(ab67fb10353d84448ac887a7367cbda8) Importer(815301076,1909f56bfc062723c751e8b465ee728b)
Start importing Packages/com.unity.render-pipelines.universal/ShaderLibrary/Unity.RenderPipelines.Universal.ShaderLibrary.asmdef using Guid(ab67fb10353d84448ac887a7367cbda8) Importer(815301076,1909f56bfc062723c751e8b465ee728b)  -> (artifact id: '5a35078f7a4cff5474e38395ebe19de8') in 0.002257 seconds 
========================================================================
Received Import Request.
  Time since last request: 0.000231 seconds.
  path: Packages/com.unity.render-pipelines.universal/Tests/Runtime/Unity.RenderPipelines.Universal.Runtime.Tests.asmdef
  artifactKey: Guid(bc3b0daec27db604caf7fec37e54bf6d) Importer(815301076,1909f56bfc062723c751e8b465ee728b)
Start importing Packages/com.unity.render-pipelines.universal/Tests/Runtime/Unity.RenderPipelines.Universal.Runtime.Tests.asmdef using Guid(bc3b0daec27db604caf7fec37e54bf6d) Importer(815301076,1909f56bfc062723c751e8b465ee728b)  -> (artifact id: '69061fc378ffa8fa7a5c05ba1dc5f506') in 0.002109 seconds 
========================================================================
Received Import Request.
  Time since last request: 0.000222 seconds.
  path: Packages/com.unity.render-pipelines.universal/Runtime/Unity.RenderPipelines.Universal.Runtime.asmdef
  artifactKey: Guid(15fc0a57446b3144c949da3e2b9737a9) Importer(815301076,1909f56bfc062723c751e8b465ee728b)
Start importing Packages/com.unity.render-pipelines.universal/Runtime/Unity.RenderPipelines.Universal.Runtime.asmdef using Guid(15fc0a57446b3144c949da3e2b9737a9) Importer(815301076,1909f56bfc062723c751e8b465ee728b)  -> (artifact id: '2ae49008c615acbd7c91e92e907f5c87') in 0.002630 seconds 
========================================================================
Received Import Request.
  Time since last request: 0.000211 seconds.
  path: Packages/com.unity.render-pipelines.universal/Shaders/Unity.RenderPipelines.Universal.Shaders.asmdef
  artifactKey: Guid(b4517ec124862cb4bb3b8b27d72843a6) Importer(815301076,1909f56bfc062723c751e8b465ee728b)
Start importing Packages/com.unity.render-pipelines.universal/Shaders/Unity.RenderPipelines.Universal.Shaders.asmdef using Guid(b4517ec124862cb4bb3b8b27d72843a6) Importer(815301076,1909f56bfc062723c751e8b465ee728b)  -> (artifact id: '6dcf4ccd8f62beca0655b25cff49bc89') in 0.002224 seconds 
========================================================================
Received Import Request.
  Time since last request: 0.000235 seconds.
  path: Packages/com.unity.render-pipelines.universal/Tests/Editor/Unity.RenderPipelines.Universal.Editor.Tests.asmdef
  artifactKey: Guid(36d514892e55d4340b470c29fcab8b44) Importer(815301076,1909f56bfc062723c751e8b465ee728b)
Start importing Packages/com.unity.render-pipelines.universal/Tests/Editor/Unity.RenderPipelines.Universal.Editor.Tests.asmdef using Guid(36d514892e55d4340b470c29fcab8b44) Importer(815301076,1909f56bfc062723c751e8b465ee728b)  -> (artifact id: '4ec5a07d16f73c2c81261ed0d3f498cc') in 0.002880 seconds 
========================================================================
Received Import Request.
  Time since last request: 2.520678 seconds.
  path: Packages/com.unity.render-pipelines.universal/Runtime/Data/UniversalRenderPipelineEditorResources.asset
  artifactKey: Guid(a3d8d823eedde654bb4c11a1cfaf1abb) Importer(815301076,1909f56bfc062723c751e8b465ee728b)
Start importing Packages/com.unity.render-pipelines.universal/Runtime/Data/UniversalRenderPipelineEditorResources.asset using Guid(a3d8d823eedde654bb4c11a1cfaf1abb) Importer(815301076,1909f56bfc062723c751e8b465ee728b)  -> (artifact id: '9dbf008af07f62effe48d88c77745bfe') in 0.012057 seconds 
========================================================================
Received Import Request.
  Time since last request: 130.649199 seconds.
  path: Assets/UniversalRenderPipelineAsset.asset
  artifactKey: Guid(b30531dc79cf4496e8d368e9ce1c5daa) Importer(815301076,1909f56bfc062723c751e8b465ee728b)
Start importing Assets/UniversalRenderPipelineAsset.asset using Guid(b30531dc79cf4496e8d368e9ce1c5daa) Importer(815301076,1909f56bfc062723c751e8b465ee728b)  -> (artifact id: '9f97e42f8243fc19375ca67874dae869') in 0.011372 seconds 
========================================================================
Received Import Request.
  Time since last request: 0.000241 seconds.
  path: Assets/UniversalRenderPipelineAsset 1_Renderer.asset
  artifactKey: Guid(bc1613c712ce04cb68dab321e6236117) Importer(815301076,1909f56bfc062723c751e8b465ee728b)
Start importing Assets/UniversalRenderPipelineAsset 1_Renderer.asset using Guid(bc1613c712ce04cb68dab321e6236117) Importer(815301076,1909f56bfc062723c751e8b465ee728b)  -> (artifact id: '3e499fe6875cd8711b7fee31fca79f09') in 0.025319 seconds 
========================================================================
Received Import Request.
  Time since last request: 0.000216 seconds.
  path: Assets/UniversalRenderPipelineAsset 1.asset
  artifactKey: Guid(365de2631934e4c3eb9f22c19afb9809) Importer(815301076,1909f56bfc062723c751e8b465ee728b)
Start importing Assets/UniversalRenderPipelineAsset 1.asset using Guid(365de2631934e4c3eb9f22c19afb9809) Importer(815301076,1909f56bfc062723c751e8b465ee728b)  -> (artifact id: '34dbbdecd4e7aeefcc3b7dbc04e12ca8') in 0.019125 seconds 
========================================================================
Received Prepare
Registering precompiled user dll's ...
Registered in 0.003677 seconds.
Begin MonoManager ReloadAssembly
Native extension for OSXStandalone target not found
Native extension for WebGL target not found
Refreshing native plugins compatible for Editor in 0.70 ms, found 1 plugins.
Preloading 0 native plugins for Editor in 0.00 ms.
Mono: successfully reloaded assembly
- Completed reload, in  1.236 seconds
Platform modules already initialized, skipping
Shader 'Universal Render Pipeline/Particles/Lit': fallback shader 'Universal Render Pipeline/Particles/SimpleLit' not found
Refreshing native plugins compatible for Editor in 0.70 ms, found 1 plugins.
Preloading 0 native plugins for Editor in 0.00 ms.
Unloading 4235 Unused Serialized files (Serialized files now loaded: 0)
System memory in use before: 465.1 MB.
System memory in use after: 463.4 MB.

Unloading 40 unused Assets to reduce memory usage. Loaded Objects now: 5411.
Total: 4.511567 ms (FindLiveObjects: 0.423306 ms CreateObjectMapping: 0.248634 ms MarkObjects: 2.917931 ms  DeleteObjects: 0.920646 ms)

========================================================================
Received Import Request.
  Time since last request: 350.449085 seconds.
  path: Assets/Scenes/SpaceScene/Global Volume Profile.asset
  artifactKey: Guid(b6253101f400c47fdaac0f0537ebb474) Importer(815301076,1909f56bfc062723c751e8b465ee728b)
Start importing Assets/Scenes/SpaceScene/Global Volume Profile.asset using Guid(b6253101f400c47fdaac0f0537ebb474) Importer(815301076,1909f56bfc062723c751e8b465ee728b)  -> (artifact id: 'ca32e60a9a3bfadd4f5d5da494fff56e') in 0.017798 seconds 
========================================================================
Received Prepare
Registering precompiled user dll's ...
Registered in 0.003175 seconds.
Begin MonoManager ReloadAssembly
Native extension for OSXStandalone target not found
Native extension for WebGL target not found
Refreshing native plugins compatible for Editor in 0.84 ms, found 1 plugins.
Preloading 0 native plugins for Editor in 0.00 ms.
Mono: successfully reloaded assembly
- Completed reload, in  1.672 seconds
Platform modules already initialized, skipping
Shader 'Universal Render Pipeline/Particles/Lit': fallback shader 'Universal Render Pipeline/Particles/SimpleLit' not found
Refreshing native plugins compatible for Editor in 0.79 ms, found 1 plugins.
Preloading 0 native plugins for Editor in 0.00 ms.
Unloading 4188 Unused Serialized files (Serialized files now loaded: 0)
System memory in use before: 464.2 MB.
System memory in use after: 462.5 MB.

Unloading 38 unused Assets to reduce memory usage. Loaded Objects now: 5414.
Total: 5.049904 ms (FindLiveObjects: 0.442618 ms CreateObjectMapping: 0.268221 ms MarkObjects: 3.526677 ms  DeleteObjects: 0.811422 ms)

========================================================================
Received Prepare
Registering precompiled user dll's ...
Registered in 0.007005 seconds.
Begin MonoManager ReloadAssembly
Native extension for OSXStandalone target not found
Native extension for WebGL target not found
Refreshing native plugins compatible for Editor in 0.69 ms, found 1 plugins.
Preloading 0 native plugins for Editor in 0.00 ms.
Mono: successfully reloaded assembly
- Completed reload, in  1.269 seconds
Platform modules already initialized, skipping
Shader 'Universal Render Pipeline/Particles/Lit': fallback shader 'Universal Render Pipeline/Particles/SimpleLit' not found
Refreshing native plugins compatible for Editor in 0.67 ms, found 1 plugins.
Preloading 0 native plugins for Editor in 0.00 ms.
Unloading 4188 Unused Serialized files (Serialized files now loaded: 0)
System memory in use before: 464.8 MB.
System memory in use after: 463.1 MB.

Unloading 38 unused Assets to reduce memory usage. Loaded Objects now: 5417.
Total: 3.444974 ms (FindLiveObjects: 0.387333 ms CreateObjectMapping: 0.182995 ms MarkObjects: 2.332683 ms  DeleteObjects: 0.541208 ms)

========================================================================
Received Import Request.
  Time since last request: 1520.229540 seconds.
  path: Assets/SMC Pack 1/Pack/9.png
  artifactKey: Guid(7c90b54608d60f944ac10eb6ae445272) Importer(815301076,1909f56bfc062723c751e8b465ee728b)
Start importing Assets/SMC Pack 1/Pack/9.png using Guid(7c90b54608d60f944ac10eb6ae445272) Importer(815301076,1909f56bfc062723c751e8b465ee728b)  -> (artifact id: '60cc5f21b304859ae2477ad3ff7e6bc8') in 0.069819 seconds 
========================================================================
Received Import Request.
  Time since last request: 1.783281 seconds.
  path: Assets/SMC Pack 1/Pack/10.png
  artifactKey: Guid(0bb68d41cd332d746a2ea8c8c6bebc01) Importer(815301076,1909f56bfc062723c751e8b465ee728b)
Start importing Assets/SMC Pack 1/Pack/10.png using Guid(0bb68d41cd332d746a2ea8c8c6bebc01) Importer(815301076,1909f56bfc062723c751e8b465ee728b)  -> (artifact id: 'a017317171aed974cca54c39ca4169f2') in 0.008985 seconds 
========================================================================
Received Import Request.
  Time since last request: 0.000274 seconds.
  path: Assets/SMC Pack 1/Pack/11.png
  artifactKey: Guid(9e4e4703d1388a043ab4fee5563e2c5d) Importer(815301076,1909f56bfc062723c751e8b465ee728b)
Start importing Assets/SMC Pack 1/Pack/11.png using Guid(9e4e4703d1388a043ab4fee5563e2c5d) Importer(815301076,1909f56bfc062723c751e8b465ee728b)  -> (artifact id: '4b0cedeaec752f0e00190813a9a05e85') in 0.026274 seconds 
========================================================================
Received Import Request.
  Time since last request: 0.000202 seconds.
  path: Assets/SMC Pack 1/Pack/23.png
  artifactKey: Guid(901bc5b5e8668354ab9c0dffdc0c40b3) Importer(815301076,1909f56bfc062723c751e8b465ee728b)
Start importing Assets/SMC Pack 1/Pack/23.png using Guid(901bc5b5e8668354ab9c0dffdc0c40b3) Importer(815301076,1909f56bfc062723c751e8b465ee728b)  -> (artifact id: 'fbd66a4e34d9363c2818c10c61503516') in 0.009567 seconds 
========================================================================
Received Import Request.
  Time since last request: 0.000368 seconds.
  path: Assets/SMC Pack 1/Pack/28.png
  artifactKey: Guid(172af1a52af8c8f4b99cc2094f63c964) Importer(815301076,1909f56bfc062723c751e8b465ee728b)
Start importing Assets/SMC Pack 1/Pack/28.png using Guid(172af1a52af8c8f4b99cc2094f63c964) Importer(815301076,1909f56bfc062723c751e8b465ee728b)  -> (artifact id: '137e60c146fe6650ca78cb72acb31fe0') in 0.011406 seconds 
========================================================================
Received Import Request.
  Time since last request: 0.000300 seconds.
  path: Assets/SMC Pack 1/Pack/27.png
  artifactKey: Guid(25c22f5bb0413da42a370ff1f888273b) Importer(815301076,1909f56bfc062723c751e8b465ee728b)
Start importing Assets/SMC Pack 1/Pack/27.png using Guid(25c22f5bb0413da42a370ff1f888273b) Importer(815301076,1909f56bfc062723c751e8b465ee728b)  -> (artifact id: '41623be204959e01efc42970dfb2cdc7') in 0.008797 seconds 
========================================================================
Received Import Request.
  Time since last request: 0.000196 seconds.
  path: Assets/SMC Pack 1/Pack/30.png
  artifactKey: Guid(78d49f26e949a0847834af9413d3a6a5) Importer(815301076,1909f56bfc062723c751e8b465ee728b)
Start importing Assets/SMC Pack 1/Pack/30.png using Guid(78d49f26e949a0847834af9413d3a6a5) Importer(815301076,1909f56bfc062723c751e8b465ee728b)  -> (artifact id: '8d8b76dca6c6a77a9a4b03f89f702691') in 0.009088 seconds 
========================================================================
Received Import Request.
  Time since last request: 0.000240 seconds.
  path: Assets/SMC Pack 1/Pack/26.png
  artifactKey: Guid(251db2694de2ac14eb720e94e981a174) Importer(815301076,1909f56bfc062723c751e8b465ee728b)
Start importing Assets/SMC Pack 1/Pack/26.png using Guid(251db2694de2ac14eb720e94e981a174) Importer(815301076,1909f56bfc062723c751e8b465ee728b)  -> (artifact id: '7461b967820e648ccca7704cd2f5cb68') in 0.010027 seconds 
========================================================================
Received Import Request.
  Time since last request: 0.000177 seconds.
  path: Assets/SMC Pack 1/Pack/24.png
  artifactKey: Guid(b75d390301d6d414fa126751bd2edf0c) Importer(815301076,1909f56bfc062723c751e8b465ee728b)
Start importing Assets/SMC Pack 1/Pack/24.png using Guid(b75d390301d6d414fa126751bd2edf0c) Importer(815301076,1909f56bfc062723c751e8b465ee728b)  -> (artifact id: 'b13470962baba4b6c1769a56ed683a92') in 0.012430 seconds 
========================================================================
Received Import Request.
  Time since last request: 0.000281 seconds.
  path: Assets/SMC Pack 1/Pack/25.png
  artifactKey: Guid(1fcf98984d1c01f40b488b6333111121) Importer(815301076,1909f56bfc062723c751e8b465ee728b)
Start importing Assets/SMC Pack 1/Pack/25.png using Guid(1fcf98984d1c01f40b488b6333111121) Importer(815301076,1909f56bfc062723c751e8b465ee728b)  -> (artifact id: '2da6a2b26edc79e4abd04384caa5996b') in 0.008588 seconds 
========================================================================
Received Import Request.
  Time since last request: 0.000184 seconds.
  path: Assets/SMC Pack 1/Pack/29.png
  artifactKey: Guid(5d0717f5d784c704ea00bf8e7caa526a) Importer(815301076,1909f56bfc062723c751e8b465ee728b)
Start importing Assets/SMC Pack 1/Pack/29.png using Guid(5d0717f5d784c704ea00bf8e7caa526a) Importer(815301076,1909f56bfc062723c751e8b465ee728b)  -> (artifact id: '05d5a88039809ae48beb25d0cebccdc7') in 0.008508 seconds 
========================================================================
Received Prepare
Registering precompiled user dll's ...
Registered in 0.011772 seconds.
Begin MonoManager ReloadAssembly
Native extension for OSXStandalone target not found
Native extension for WebGL target not found
Refreshing native plugins compatible for Editor in 0.74 ms, found 1 plugins.
Preloading 0 native plugins for Editor in 0.00 ms.
Mono: successfully reloaded assembly
- Completed reload, in  1.354 seconds
Platform modules already initialized, skipping
Shader 'Universal Render Pipeline/Particles/Lit': fallback shader 'Universal Render Pipeline/Particles/SimpleLit' not found
Refreshing native plugins compatible for Editor in 0.67 ms, found 1 plugins.
Preloading 0 native plugins for Editor in 0.00 ms.
Unloading 4198 Unused Serialized files (Serialized files now loaded: 0)
System memory in use before: 470.4 MB.
System memory in use after: 468.8 MB.

Unloading 38 unused Assets to reduce memory usage. Loaded Objects now: 5587.
Total: 3.710226 ms (FindLiveObjects: 0.432319 ms CreateObjectMapping: 0.308236 ms MarkObjects: 2.448570 ms  DeleteObjects: 0.520330 ms)

