Using pre-set license

 COMMAND LINE ARGUMENTS:
/Applications/Unity/Hub/Editor/2021.1.6f1/Unity.app/Contents/MacOS/Unity
-adb2
-batchMode
-noUpm
-name
AssetImportWorker0
-projectPath
/Users/tatelarkin/Development/spaceGame
-logFile
Logs/AssetImportWorker0.log
-srvPort
57075
Successfully changed project path to: /Users/tatelarkin/Development/spaceGame
/Users/tatelarkin/Development/spaceGame
Using Asset Import Pipeline V2.
Refreshing native plugins compatible for Editor in 89.19 ms, found 1 plugins.
Preloading 0 native plugins for Editor in 0.00 ms.
Initialize engine version: 2021.1.6f1 (c0fade0cc7e9)
[Subsystems] Discovering subsystems at path /Applications/Unity/Hub/Editor/2021.1.6f1/Unity.app/Contents/Resources/UnitySubsystems
[Subsystems] Discovering subsystems at path /Users/tatelarkin/Development/spaceGame/Assets
GfxDevice: creating device client; threaded=0; jobified=0
2021-05-24 20:26:51.493 Unity[55677:3970295] Color LCD preferred device: AMD Radeon Pro 5300M (high power)
2021-05-24 20:26:51.493 Unity[55677:3970295] Metal devices available: 2
2021-05-24 20:26:51.493 Unity[55677:3970295] 0: AMD Radeon Pro 5300M (high power)
2021-05-24 20:26:51.493 Unity[55677:3970295] 1: Intel(R) UHD Graphics 630 (low power)
2021-05-24 20:26:51.494 Unity[55677:3970295] Using device AMD Radeon Pro 5300M (high power)
Initializing Metal device caps: AMD Radeon Pro 5300M
Invalid texture used for cursor - check importer settings or texture creation. Texture must be RGBA32, readable, have alphaIsTransparency enabled and have no mip chain.

Initialize mono
Mono path[0] = '/Applications/Unity/Hub/Editor/2021.1.6f1/Unity.app/Contents/Managed'
Mono path[1] = '/Applications/Unity/Hub/Editor/2021.1.6f1/Unity.app/Contents/MonoBleedingEdge/lib/mono/unityjit'
Mono config path = '/Applications/Unity/Hub/Editor/2021.1.6f1/Unity.app/Contents/MonoBleedingEdge/etc'
Using monoOptions --debugger-agent=transport=dt_socket,embedding=1,server=y,suspend=n,address=127.0.0.1:56677
Begin MonoManager ReloadAssembly
Registering precompiled unity dll's ...
Register platform support module: /Applications/Unity/Hub/Editor/2021.1.6f1/PlaybackEngines/WebGLSupport/UnityEditor.WebGL.Extensions.dll
Register platform support module: /Applications/Unity/Hub/Editor/2021.1.6f1/Unity.app/Contents/PlaybackEngines/MacStandaloneSupport/UnityEditor.OSXStandalone.Extensions.dll
Registered in 0.000658 seconds.
Native extension for OSXStandalone target not found
Native extension for WebGL target not found
Refreshing native plugins compatible for Editor in 70.94 ms, found 1 plugins.
Preloading 0 native plugins for Editor in 0.00 ms.
Mono: successfully reloaded assembly
- Completed reload, in  2.391 seconds
Platform modules already initialized, skipping
Registering precompiled user dll's ...
Registered in 0.001501 seconds.
Begin MonoManager ReloadAssembly
Native extension for OSXStandalone target not found
Native extension for WebGL target not found
Refreshing native plugins compatible for Editor in 0.49 ms, found 1 plugins.
Preloading 0 native plugins for Editor in 0.00 ms.
Mono: successfully reloaded assembly
- Completed reload, in  1.087 seconds
Platform modules already initialized, skipping
========================================================================
Worker process is ready to serve import requests
Launching external process: /Applications/Unity/Hub/Editor/2021.1.6f1/Unity.app/Contents/Tools/UnityShaderCompiler
Launched and connected shader compiler UnityShaderCompiler after 0.02 seconds
Refreshing native plugins compatible for Editor in 0.45 ms, found 1 plugins.
Preloading 0 native plugins for Editor in 0.00 ms.
Unloading 2845 Unused Serialized files (Serialized files now loaded: 0)
System memory in use before: 273.5 MB.
System memory in use after: 273.7 MB.

Unloading 15 unused Assets to reduce memory usage. Loaded Objects now: 3321.
Total: 1.791274 ms (FindLiveObjects: 0.182343 ms CreateObjectMapping: 0.097148 ms MarkObjects: 1.441811 ms  DeleteObjects: 0.069194 ms)

========================================================================
Received Import Request.
  path: Assets/Materials/SkyboxV001.mat
  artifactKey: Guid(3573c58b8bead4fe98dfc22c5e144550) Importer(815301076,1909f56bfc062723c751e8b465ee728b)
Start importing Assets/Materials/SkyboxV001.mat using Guid(3573c58b8bead4fe98dfc22c5e144550) Importer(815301076,1909f56bfc062723c751e8b465ee728b)  -> (artifact id: '81ae3d6eb60b34494488954718eb19e5') in 1.265523 seconds 
========================================================================
Received Prepare
Registering precompiled user dll's ...
Registered in 0.002311 seconds.
Begin MonoManager ReloadAssembly
Native extension for OSXStandalone target not found
Native extension for WebGL target not found
Refreshing native plugins compatible for Editor in 0.47 ms, found 1 plugins.
Preloading 0 native plugins for Editor in 0.00 ms.
Mono: successfully reloaded assembly
- Completed reload, in  1.046 seconds
Platform modules already initialized, skipping
Refreshing native plugins compatible for Editor in 0.46 ms, found 1 plugins.
Preloading 0 native plugins for Editor in 0.00 ms.
Unloading 2837 Unused Serialized files (Serialized files now loaded: 0)
System memory in use before: 282.2 MB.
System memory in use after: 282.4 MB.

Unloading 11 unused Assets to reduce memory usage. Loaded Objects now: 3364.
Total: 2.019223 ms (FindLiveObjects: 0.208629 ms CreateObjectMapping: 0.110069 ms MarkObjects: 1.639206 ms  DeleteObjects: 0.060515 ms)

========================================================================
Received Prepare
Registering precompiled user dll's ...
Registered in 0.001729 seconds.
Begin MonoManager ReloadAssembly
Native extension for OSXStandalone target not found
Native extension for WebGL target not found
Refreshing native plugins compatible for Editor in 0.47 ms, found 1 plugins.
Preloading 0 native plugins for Editor in 0.00 ms.
Mono: successfully reloaded assembly
- Completed reload, in  1.072 seconds
Platform modules already initialized, skipping
Refreshing native plugins compatible for Editor in 0.47 ms, found 1 plugins.
Preloading 0 native plugins for Editor in 0.00 ms.
Unloading 2837 Unused Serialized files (Serialized files now loaded: 0)
System memory in use before: 282.6 MB.
System memory in use after: 282.8 MB.

Unloading 11 unused Assets to reduce memory usage. Loaded Objects now: 3367.
Total: 1.835465 ms (FindLiveObjects: 0.213100 ms CreateObjectMapping: 0.112383 ms MarkObjects: 1.453588 ms  DeleteObjects: 0.055470 ms)

========================================================================
Received Prepare
Registering precompiled user dll's ...
Registered in 0.001766 seconds.
Begin MonoManager ReloadAssembly
Native extension for OSXStandalone target not found
Native extension for WebGL target not found
Refreshing native plugins compatible for Editor in 0.45 ms, found 1 plugins.
Preloading 0 native plugins for Editor in 0.00 ms.
Mono: successfully reloaded assembly
- Completed reload, in  1.057 seconds
Platform modules already initialized, skipping
Refreshing native plugins compatible for Editor in 0.45 ms, found 1 plugins.
Preloading 0 native plugins for Editor in 0.00 ms.
Unloading 2837 Unused Serialized files (Serialized files now loaded: 0)
System memory in use before: 282.9 MB.
System memory in use after: 283.1 MB.

Unloading 11 unused Assets to reduce memory usage. Loaded Objects now: 3370.
Total: 1.944500 ms (FindLiveObjects: 0.340731 ms CreateObjectMapping: 0.129679 ms MarkObjects: 1.419479 ms  DeleteObjects: 0.053845 ms)

========================================================================
Received Prepare
Registering precompiled user dll's ...
Registered in 0.001788 seconds.
Begin MonoManager ReloadAssembly
Native extension for OSXStandalone target not found
Native extension for WebGL target not found
Refreshing native plugins compatible for Editor in 0.51 ms, found 1 plugins.
Preloading 0 native plugins for Editor in 0.00 ms.
Mono: successfully reloaded assembly
- Completed reload, in  1.041 seconds
Platform modules already initialized, skipping
Refreshing native plugins compatible for Editor in 0.45 ms, found 1 plugins.
Preloading 0 native plugins for Editor in 0.00 ms.
Unloading 2837 Unused Serialized files (Serialized files now loaded: 0)
System memory in use before: 283.3 MB.
System memory in use after: 283.5 MB.

Unloading 11 unused Assets to reduce memory usage. Loaded Objects now: 3373.
Total: 1.727733 ms (FindLiveObjects: 0.179857 ms CreateObjectMapping: 0.098775 ms MarkObjects: 1.399186 ms  DeleteObjects: 0.049198 ms)

========================================================================
Received Prepare
Registering precompiled user dll's ...
Registered in 0.001745 seconds.
Begin MonoManager ReloadAssembly
Native extension for OSXStandalone target not found
Native extension for WebGL target not found
Refreshing native plugins compatible for Editor in 0.79 ms, found 1 plugins.
Preloading 0 native plugins for Editor in 0.00 ms.
Mono: successfully reloaded assembly
- Completed reload, in  1.043 seconds
Platform modules already initialized, skipping
Refreshing native plugins compatible for Editor in 0.45 ms, found 1 plugins.
Preloading 0 native plugins for Editor in 0.00 ms.
Unloading 2837 Unused Serialized files (Serialized files now loaded: 0)
System memory in use before: 283.6 MB.
System memory in use after: 283.8 MB.

Unloading 11 unused Assets to reduce memory usage. Loaded Objects now: 3376.
Total: 1.722031 ms (FindLiveObjects: 0.172788 ms CreateObjectMapping: 0.094318 ms MarkObjects: 1.402571 ms  DeleteObjects: 0.051710 ms)

========================================================================
Received Prepare
Registering precompiled user dll's ...
Registered in 0.001903 seconds.
Begin MonoManager ReloadAssembly
Native extension for OSXStandalone target not found
Native extension for WebGL target not found
Refreshing native plugins compatible for Editor in 0.46 ms, found 1 plugins.
Preloading 0 native plugins for Editor in 0.00 ms.
Mono: successfully reloaded assembly
- Completed reload, in  1.006 seconds
Platform modules already initialized, skipping
Refreshing native plugins compatible for Editor in 0.69 ms, found 1 plugins.
Preloading 0 native plugins for Editor in 0.00 ms.
Unloading 2837 Unused Serialized files (Serialized files now loaded: 0)
System memory in use before: 283.9 MB.
System memory in use after: 284.1 MB.

Unloading 11 unused Assets to reduce memory usage. Loaded Objects now: 3379.
Total: 2.639592 ms (FindLiveObjects: 0.289569 ms CreateObjectMapping: 0.130768 ms MarkObjects: 2.147207 ms  DeleteObjects: 0.071139 ms)

========================================================================
Received Import Request.
  Time since last request: 965.949872 seconds.
  path: Assets/Prefabs/Asteroid.prefab
  artifactKey: Guid(4c1dbea2574a44c3d9b169c5209bb1a0) Importer(815301076,1909f56bfc062723c751e8b465ee728b)
Start importing Assets/Prefabs/Asteroid.prefab using Guid(4c1dbea2574a44c3d9b169c5209bb1a0) Importer(815301076,1909f56bfc062723c751e8b465ee728b)  -> (artifact id: '57efacd3fceded221883ea900aced713') in 0.431716 seconds 
========================================================================
Received Prepare
Registering precompiled user dll's ...
Registered in 0.001827 seconds.
Begin MonoManager ReloadAssembly
Native extension for OSXStandalone target not found
Native extension for WebGL target not found
Refreshing native plugins compatible for Editor in 0.45 ms, found 1 plugins.
Preloading 0 native plugins for Editor in 0.00 ms.
Mono: successfully reloaded assembly
- Completed reload, in  1.036 seconds
Platform modules already initialized, skipping
Refreshing native plugins compatible for Editor in 0.53 ms, found 1 plugins.
Preloading 0 native plugins for Editor in 0.00 ms.
Unloading 2837 Unused Serialized files (Serialized files now loaded: 0)
System memory in use before: 288.5 MB.
System memory in use after: 288.7 MB.

Unloading 11 unused Assets to reduce memory usage. Loaded Objects now: 3384.
Total: 1.762740 ms (FindLiveObjects: 0.186249 ms CreateObjectMapping: 0.099175 ms MarkObjects: 1.423498 ms  DeleteObjects: 0.052975 ms)

========================================================================
Received Import Request.
  Time since last request: 147.921996 seconds.
  path: Assets/Materials/Skybox Mat.mat
  artifactKey: Guid(d745ee4209c5c4e738d97119d66a5bb0) Importer(815301076,1909f56bfc062723c751e8b465ee728b)
Start importing Assets/Materials/Skybox Mat.mat using Guid(d745ee4209c5c4e738d97119d66a5bb0) Importer(815301076,1909f56bfc062723c751e8b465ee728b)  -> (artifact id: '99d29441b503ce6e63b4ec49965c1795') in 0.073123 seconds 
========================================================================
Received Prepare
Registering precompiled user dll's ...
Registered in 0.001962 seconds.
Begin MonoManager ReloadAssembly
Native extension for OSXStandalone target not found
Native extension for WebGL target not found
Refreshing native plugins compatible for Editor in 0.50 ms, found 1 plugins.
Preloading 0 native plugins for Editor in 0.00 ms.
Mono: successfully reloaded assembly
- Completed reload, in  1.074 seconds
Platform modules already initialized, skipping
Refreshing native plugins compatible for Editor in 0.46 ms, found 1 plugins.
Preloading 0 native plugins for Editor in 0.00 ms.
Unloading 2837 Unused Serialized files (Serialized files now loaded: 0)
System memory in use before: 289.0 MB.
System memory in use after: 289.2 MB.

Unloading 11 unused Assets to reduce memory usage. Loaded Objects now: 3388.
Total: 2.089035 ms (FindLiveObjects: 0.196410 ms CreateObjectMapping: 0.104560 ms MarkObjects: 1.679482 ms  DeleteObjects: 0.107858 ms)

========================================================================
Received Import Request.
  Time since last request: 44.735865 seconds.
  path: Assets/Prefabs/Explosion.prefab
  artifactKey: Guid(d5b62ebde0c454c649d8697554916fe3) Importer(815301076,1909f56bfc062723c751e8b465ee728b)
Start importing Assets/Prefabs/Explosion.prefab using Guid(d5b62ebde0c454c649d8697554916fe3) Importer(815301076,1909f56bfc062723c751e8b465ee728b)  -> (artifact id: '45a6a07da663b5aa694ce02901805c50') in 0.036819 seconds 
========================================================================
Received Import Request.
  Time since last request: 32.368017 seconds.
  path: Assets/Prefabs/Explosion.prefab
  artifactKey: Guid(d5b62ebde0c454c649d8697554916fe3) Importer(815301076,1909f56bfc062723c751e8b465ee728b)
Start importing Assets/Prefabs/Explosion.prefab using Guid(d5b62ebde0c454c649d8697554916fe3) Importer(815301076,1909f56bfc062723c751e8b465ee728b)  -> (artifact id: '505fc1c4ce0444daafe57415ea0fe591') in 0.004420 seconds 
========================================================================
Received Prepare
Registering precompiled user dll's ...
Registered in 0.001985 seconds.
Begin MonoManager ReloadAssembly
Native extension for OSXStandalone target not found
Native extension for WebGL target not found
Refreshing native plugins compatible for Editor in 0.50 ms, found 1 plugins.
Preloading 0 native plugins for Editor in 0.00 ms.
Mono: successfully reloaded assembly
- Completed reload, in  1.032 seconds
Platform modules already initialized, skipping
Refreshing native plugins compatible for Editor in 0.45 ms, found 1 plugins.
Preloading 0 native plugins for Editor in 0.00 ms.
Unloading 2837 Unused Serialized files (Serialized files now loaded: 0)
System memory in use before: 289.3 MB.
System memory in use after: 289.5 MB.

Unloading 11 unused Assets to reduce memory usage. Loaded Objects now: 3391.
Total: 1.891606 ms (FindLiveObjects: 0.192618 ms CreateObjectMapping: 0.115352 ms MarkObjects: 1.528693 ms  DeleteObjects: 0.054133 ms)

========================================================================
Received Import Request.
  Time since last request: 168.244474 seconds.
  path: Assets/Materials/Black.mat
  artifactKey: Guid(69b07a98641b34440abbcf6eb786e85e) Importer(815301076,1909f56bfc062723c751e8b465ee728b)
Start importing Assets/Materials/Black.mat using Guid(69b07a98641b34440abbcf6eb786e85e) Importer(815301076,1909f56bfc062723c751e8b465ee728b)  -> (artifact id: '54daadf11e531a8ad0b44bd265c692e8') in 0.065971 seconds 
========================================================================
Received Prepare
Registering precompiled user dll's ...
Registered in 0.001793 seconds.
Begin MonoManager ReloadAssembly
Native extension for OSXStandalone target not found
Native extension for WebGL target not found
Refreshing native plugins compatible for Editor in 0.50 ms, found 1 plugins.
Preloading 0 native plugins for Editor in 0.00 ms.
Mono: successfully reloaded assembly
- Completed reload, in  1.025 seconds
Platform modules already initialized, skipping
Refreshing native plugins compatible for Editor in 0.45 ms, found 1 plugins.
Preloading 0 native plugins for Editor in 0.00 ms.
Unloading 2837 Unused Serialized files (Serialized files now loaded: 0)
System memory in use before: 289.7 MB.
System memory in use after: 289.9 MB.

Unloading 11 unused Assets to reduce memory usage. Loaded Objects now: 3395.
Total: 1.831887 ms (FindLiveObjects: 0.178108 ms CreateObjectMapping: 0.091337 ms MarkObjects: 1.509680 ms  DeleteObjects: 0.051887 ms)

========================================================================
Received Import Request.
  Time since last request: 63.909207 seconds.
  path: Assets/Prefabs/Enemy.prefab
  artifactKey: Guid(f6807884373ff4cf1abf6d544fae9a8f) Importer(815301076,1909f56bfc062723c751e8b465ee728b)
Start importing Assets/Prefabs/Enemy.prefab using Guid(f6807884373ff4cf1abf6d544fae9a8f) Importer(815301076,1909f56bfc062723c751e8b465ee728b)  -> (artifact id: '09d055db938a28778b0c859f03c4a409') in 0.173784 seconds 
========================================================================
Received Import Request.
  Time since last request: 7.825398 seconds.
  path: Assets/Prefabs/Enemy.prefab
  artifactKey: Guid(f6807884373ff4cf1abf6d544fae9a8f) Importer(815301076,1909f56bfc062723c751e8b465ee728b)
Start importing Assets/Prefabs/Enemy.prefab using Guid(f6807884373ff4cf1abf6d544fae9a8f) Importer(815301076,1909f56bfc062723c751e8b465ee728b)  -> (artifact id: '1cefa5f790a3477f5a81b39f02323a21') in 0.012891 seconds 
========================================================================
Received Import Request.
  Time since last request: 5.465031 seconds.
  path: Assets/Prefabs/Enemy.prefab
  artifactKey: Guid(f6807884373ff4cf1abf6d544fae9a8f) Importer(815301076,1909f56bfc062723c751e8b465ee728b)
Start importing Assets/Prefabs/Enemy.prefab using Guid(f6807884373ff4cf1abf6d544fae9a8f) Importer(815301076,1909f56bfc062723c751e8b465ee728b)  -> (artifact id: 'd83fcaa4672a8b02a8825905862e96e0') in 0.011426 seconds 
========================================================================
Received Import Request.
  Time since last request: 4.859938 seconds.
  path: Assets/Prefabs/Enemy.prefab
  artifactKey: Guid(f6807884373ff4cf1abf6d544fae9a8f) Importer(815301076,1909f56bfc062723c751e8b465ee728b)
Start importing Assets/Prefabs/Enemy.prefab using Guid(f6807884373ff4cf1abf6d544fae9a8f) Importer(815301076,1909f56bfc062723c751e8b465ee728b)  -> (artifact id: 'ee1cbc89bd7224471a3cd53a2d28444a') in 0.016269 seconds 
========================================================================
Received Prepare
Registering precompiled user dll's ...
Registered in 0.002033 seconds.
Begin MonoManager ReloadAssembly
Native extension for OSXStandalone target not found
Native extension for WebGL target not found
Refreshing native plugins compatible for Editor in 0.50 ms, found 1 plugins.
Preloading 0 native plugins for Editor in 0.00 ms.
Mono: successfully reloaded assembly
- Completed reload, in  1.059 seconds
Platform modules already initialized, skipping
Refreshing native plugins compatible for Editor in 0.45 ms, found 1 plugins.
Preloading 0 native plugins for Editor in 0.00 ms.
Unloading 2837 Unused Serialized files (Serialized files now loaded: 0)
System memory in use before: 290.2 MB.
System memory in use after: 290.4 MB.

Unloading 12 unused Assets to reduce memory usage. Loaded Objects now: 3400.
Total: 1.879847 ms (FindLiveObjects: 0.198652 ms CreateObjectMapping: 0.107438 ms MarkObjects: 1.515692 ms  DeleteObjects: 0.057380 ms)

========================================================================
Received Import Request.
  Time since last request: 124.123245 seconds.
  path: Assets/Prefabs/EnemyProjectile.prefab
  artifactKey: Guid(88ebdb57f18cf46e6814df80b14e287a) Importer(815301076,1909f56bfc062723c751e8b465ee728b)
Start importing Assets/Prefabs/EnemyProjectile.prefab using Guid(88ebdb57f18cf46e6814df80b14e287a) Importer(815301076,1909f56bfc062723c751e8b465ee728b)  -> (artifact id: '0ed2dfaf495fad23242cc2683cb6f401') in 0.075521 seconds 
========================================================================
Received Prepare
Registering precompiled user dll's ...
Registered in 0.008284 seconds.
Begin MonoManager ReloadAssembly
Native extension for OSXStandalone target not found
Native extension for WebGL target not found
Refreshing native plugins compatible for Editor in 0.52 ms, found 1 plugins.
Preloading 0 native plugins for Editor in 0.00 ms.
Mono: successfully reloaded assembly
- Completed reload, in  1.117 seconds
Platform modules already initialized, skipping
Refreshing native plugins compatible for Editor in 0.42 ms, found 1 plugins.
Preloading 0 native plugins for Editor in 0.00 ms.
Unloading 2837 Unused Serialized files (Serialized files now loaded: 0)
System memory in use before: 290.7 MB.
System memory in use after: 290.9 MB.

Unloading 11 unused Assets to reduce memory usage. Loaded Objects now: 3404.
Total: 2.060681 ms (FindLiveObjects: 0.214179 ms CreateObjectMapping: 0.140682 ms MarkObjects: 1.642125 ms  DeleteObjects: 0.062844 ms)

========================================================================
Received Prepare
Registering precompiled user dll's ...
Registered in 0.001534 seconds.
Begin MonoManager ReloadAssembly
Native extension for OSXStandalone target not found
Native extension for WebGL target not found
Refreshing native plugins compatible for Editor in 0.44 ms, found 1 plugins.
Preloading 0 native plugins for Editor in 0.00 ms.
Mono: successfully reloaded assembly
- Completed reload, in  1.030 seconds
Platform modules already initialized, skipping
Refreshing native plugins compatible for Editor in 0.45 ms, found 1 plugins.
Preloading 0 native plugins for Editor in 0.00 ms.
Unloading 2837 Unused Serialized files (Serialized files now loaded: 0)
System memory in use before: 291.0 MB.
System memory in use after: 291.2 MB.

Unloading 11 unused Assets to reduce memory usage. Loaded Objects now: 3407.
Total: 1.947592 ms (FindLiveObjects: 0.196750 ms CreateObjectMapping: 0.113319 ms MarkObjects: 1.582049 ms  DeleteObjects: 0.054765 ms)

========================================================================
Received Prepare
Registering precompiled user dll's ...
Registered in 0.005503 seconds.
Begin MonoManager ReloadAssembly
Native extension for OSXStandalone target not found
Native extension for WebGL target not found
Refreshing native plugins compatible for Editor in 0.45 ms, found 1 plugins.
Preloading 0 native plugins for Editor in 0.00 ms.
Mono: successfully reloaded assembly
- Completed reload, in  1.082 seconds
Platform modules already initialized, skipping
Refreshing native plugins compatible for Editor in 0.54 ms, found 1 plugins.
Preloading 0 native plugins for Editor in 0.00 ms.
Unloading 2837 Unused Serialized files (Serialized files now loaded: 0)
System memory in use before: 291.3 MB.
System memory in use after: 291.5 MB.

Unloading 11 unused Assets to reduce memory usage. Loaded Objects now: 3410.
Total: 1.801734 ms (FindLiveObjects: 0.186062 ms CreateObjectMapping: 0.098793 ms MarkObjects: 1.460228 ms  DeleteObjects: 0.055851 ms)

========================================================================
Received Import Request.
  Time since last request: 2697.817801 seconds.
  path: Assets/Materials/Player Projectile Material.mat
  artifactKey: Guid(7894acb40115443309c45db6dcfb3ecb) Importer(815301076,1909f56bfc062723c751e8b465ee728b)
Start importing Assets/Materials/Player Projectile Material.mat using Guid(7894acb40115443309c45db6dcfb3ecb) Importer(815301076,1909f56bfc062723c751e8b465ee728b)  -> (artifact id: '6541d3cb8e780575742897ba62bd7d27') in 0.060859 seconds 
========================================================================
Received Import Request.
  Time since last request: 20.245431 seconds.
  path: Assets/Prefabs/Projectile.prefab
  artifactKey: Guid(dcdd129f5298d46a4ad849ffe6fa1d4a) Importer(815301076,1909f56bfc062723c751e8b465ee728b)
Start importing Assets/Prefabs/Projectile.prefab using Guid(dcdd129f5298d46a4ad849ffe6fa1d4a) Importer(815301076,1909f56bfc062723c751e8b465ee728b)  -> (artifact id: 'c1edeec15a33f0b985e2b8bf6e5816fc') in 0.024339 seconds 
========================================================================
Received Prepare
Registering precompiled user dll's ...
Registered in 0.007479 seconds.
Begin MonoManager ReloadAssembly
Native extension for OSXStandalone target not found
Native extension for WebGL target not found
Refreshing native plugins compatible for Editor in 0.50 ms, found 1 plugins.
Preloading 0 native plugins for Editor in 0.00 ms.
Mono: successfully reloaded assembly
- Completed reload, in  1.292 seconds
Platform modules already initialized, skipping
Refreshing native plugins compatible for Editor in 0.47 ms, found 1 plugins.
Preloading 0 native plugins for Editor in 0.00 ms.
Unloading 2837 Unused Serialized files (Serialized files now loaded: 0)
System memory in use before: 291.7 MB.
System memory in use after: 291.9 MB.

Unloading 11 unused Assets to reduce memory usage. Loaded Objects now: 3414.
Total: 2.186277 ms (FindLiveObjects: 0.197877 ms CreateObjectMapping: 0.098949 ms MarkObjects: 1.824611 ms  DeleteObjects: 0.064091 ms)

========================================================================
Received Prepare
Registering precompiled user dll's ...
Registered in 0.002018 seconds.
Begin MonoManager ReloadAssembly
Native extension for OSXStandalone target not found
Native extension for WebGL target not found
Refreshing native plugins compatible for Editor in 0.46 ms, found 1 plugins.
Preloading 0 native plugins for Editor in 0.00 ms.
Mono: successfully reloaded assembly
- Completed reload, in  1.088 seconds
Platform modules already initialized, skipping
Refreshing native plugins compatible for Editor in 0.52 ms, found 1 plugins.
Preloading 0 native plugins for Editor in 0.00 ms.
Unloading 2837 Unused Serialized files (Serialized files now loaded: 0)
System memory in use before: 292.0 MB.
System memory in use after: 292.2 MB.

Unloading 11 unused Assets to reduce memory usage. Loaded Objects now: 3417.
Total: 1.834325 ms (FindLiveObjects: 0.195576 ms CreateObjectMapping: 0.105963 ms MarkObjects: 1.475838 ms  DeleteObjects: 0.056118 ms)

========================================================================
Received Import Request.
  Time since last request: 419.411537 seconds.
  path: Assets/Prefabs/Projectile.prefab
  artifactKey: Guid(dcdd129f5298d46a4ad849ffe6fa1d4a) Importer(815301076,1909f56bfc062723c751e8b465ee728b)
Start importing Assets/Prefabs/Projectile.prefab using Guid(dcdd129f5298d46a4ad849ffe6fa1d4a) Importer(815301076,1909f56bfc062723c751e8b465ee728b)  -> (artifact id: '0566c69237a4c9c41ed0ed34d2218fff') in 0.060226 seconds 
========================================================================
Received Import Request.
  Time since last request: 0.440770 seconds.
  path: Assets/Prefabs/Projectile.prefab
  artifactKey: Guid(dcdd129f5298d46a4ad849ffe6fa1d4a) Importer(815301076,1909f56bfc062723c751e8b465ee728b)
Start importing Assets/Prefabs/Projectile.prefab using Guid(dcdd129f5298d46a4ad849ffe6fa1d4a) Importer(815301076,1909f56bfc062723c751e8b465ee728b)  -> (artifact id: '762fee4e1a8c1d9fb3b51ef14e7cd962') in 0.013463 seconds 
========================================================================
Received Import Request.
  Time since last request: 1.402356 seconds.
  path: Assets/Prefabs/Projectile.prefab
  artifactKey: Guid(dcdd129f5298d46a4ad849ffe6fa1d4a) Importer(815301076,1909f56bfc062723c751e8b465ee728b)
Start importing Assets/Prefabs/Projectile.prefab using Guid(dcdd129f5298d46a4ad849ffe6fa1d4a) Importer(815301076,1909f56bfc062723c751e8b465ee728b)  -> (artifact id: '80ba77056070104554eb65e13c7ecbd6') in 0.012079 seconds 
========================================================================
Received Prepare
Registering precompiled user dll's ...
Registered in 0.001847 seconds.
Begin MonoManager ReloadAssembly
Native extension for OSXStandalone target not found
Native extension for WebGL target not found
Refreshing native plugins compatible for Editor in 0.53 ms, found 1 plugins.
Preloading 0 native plugins for Editor in 0.00 ms.
Mono: successfully reloaded assembly
- Completed reload, in  1.093 seconds
Platform modules already initialized, skipping
Refreshing native plugins compatible for Editor in 0.46 ms, found 1 plugins.
Preloading 0 native plugins for Editor in 0.00 ms.
Unloading 2837 Unused Serialized files (Serialized files now loaded: 0)
System memory in use before: 292.5 MB.
System memory in use after: 292.7 MB.

Unloading 11 unused Assets to reduce memory usage. Loaded Objects now: 3421.
Total: 2.005172 ms (FindLiveObjects: 0.230238 ms CreateObjectMapping: 0.130764 ms MarkObjects: 1.585895 ms  DeleteObjects: 0.057457 ms)

========================================================================
Received Import Request.
  Time since last request: 39.125465 seconds.
  path: Assets/Prefabs/Projectile.prefab
  artifactKey: Guid(dcdd129f5298d46a4ad849ffe6fa1d4a) Importer(815301076,1909f56bfc062723c751e8b465ee728b)
Start importing Assets/Prefabs/Projectile.prefab using Guid(dcdd129f5298d46a4ad849ffe6fa1d4a) Importer(815301076,1909f56bfc062723c751e8b465ee728b)  -> (artifact id: '68ddda3490ff8b2492ea94f45f3224ed') in 0.059953 seconds 
========================================================================
Received Prepare
Registering precompiled user dll's ...
Registered in 0.007238 seconds.
Begin MonoManager ReloadAssembly
Native extension for OSXStandalone target not found
Native extension for WebGL target not found
Refreshing native plugins compatible for Editor in 0.60 ms, found 1 plugins.
Preloading 0 native plugins for Editor in 0.00 ms.
Mono: successfully reloaded assembly
- Completed reload, in  1.521 seconds
Platform modules already initialized, skipping
Refreshing native plugins compatible for Editor in 0.48 ms, found 1 plugins.
Preloading 0 native plugins for Editor in 0.00 ms.
Unloading 2837 Unused Serialized files (Serialized files now loaded: 0)
System memory in use before: 293.1 MB.
System memory in use after: 293.3 MB.

Unloading 11 unused Assets to reduce memory usage. Loaded Objects now: 3425.
Total: 2.569744 ms (FindLiveObjects: 0.250245 ms CreateObjectMapping: 0.142467 ms MarkObjects: 2.095004 ms  DeleteObjects: 0.080776 ms)

========================================================================
Received Prepare
Registering precompiled user dll's ...
Registered in 0.002909 seconds.
Begin MonoManager ReloadAssembly
Native extension for OSXStandalone target not found
Native extension for WebGL target not found
Refreshing native plugins compatible for Editor in 0.55 ms, found 1 plugins.
Preloading 0 native plugins for Editor in 0.00 ms.
Mono: successfully reloaded assembly
- Completed reload, in  1.477 seconds
Platform modules already initialized, skipping
Refreshing native plugins compatible for Editor in 0.46 ms, found 1 plugins.
Preloading 0 native plugins for Editor in 0.00 ms.
Unloading 2837 Unused Serialized files (Serialized files now loaded: 0)
System memory in use before: 296.3 MB.
System memory in use after: 296.5 MB.

Unloading 11 unused Assets to reduce memory usage. Loaded Objects now: 3428.
Total: 2.141041 ms (FindLiveObjects: 0.244689 ms CreateObjectMapping: 0.111912 ms MarkObjects: 1.693860 ms  DeleteObjects: 0.089714 ms)

